This is pdfTeX, Version 3.14159265-2.6-1.40.19 (TeX Live 2018) (preloaded format=pdflatex 2018.12.9)  6 JAN 2019 21:36
entering extended mode
 restricted \write18 enabled.
 %&-line parsing enabled.
**asteroidy.tex
(./asteroidy.tex
LaTeX2e <2018-04-01> patch level 5
(/opt/texlive/2018/texmf-dist/tex/latex/base/book.cls
Document Class: book 2014/09/29 v1.4h Standard LaTeX document class
(/opt/texlive/2018/texmf-dist/tex/latex/base/bk12.clo
File: bk12.clo 2014/09/29 v1.4h Standard LaTeX file (size option)
)
\c@part=\count80
\c@chapter=\count81
\c@section=\count82
\c@subsection=\count83
\c@subsubsection=\count84
\c@paragraph=\count85
\c@subparagraph=\count86
\c@figure=\count87
\c@table=\count88
\abovecaptionskip=\skip41
\belowcaptionskip=\skip42
\bibindent=\dimen102
)
(/opt/texlive/2018/texmf-dist/tex/latex/geometry/geometry.sty
Package: geometry 2018/04/16 v5.8 Page Geometry

(/opt/texlive/2018/texmf-dist/tex/latex/graphics/keyval.sty
Package: keyval 2014/10/28 v1.15 key=value parser (DPC)
\KV@toks@=\toks14
)
(/opt/texlive/2018/texmf-dist/tex/generic/oberdiek/ifpdf.sty
Package: ifpdf 2018/09/07 v3.3 Provides the ifpdf switch
)
(/opt/texlive/2018/texmf-dist/tex/generic/oberdiek/ifvtex.sty
Package: ifvtex 2016/05/16 v1.6 Detect VTeX and its facilities (HO)
Package ifvtex Info: VTeX not detected.
)
(/opt/texlive/2018/texmf-dist/tex/generic/ifxetex/ifxetex.sty
Package: ifxetex 2010/09/12 v0.6 Provides ifxetex conditional
)
\Gm@cnth=\count89
\Gm@cntv=\count90
\c@Gm@tempcnt=\count91
\Gm@bindingoffset=\dimen103
\Gm@wd@mp=\dimen104
\Gm@odd@mp=\dimen105
\Gm@even@mp=\dimen106
\Gm@layoutwidth=\dimen107
\Gm@layoutheight=\dimen108
\Gm@layouthoffset=\dimen109
\Gm@layoutvoffset=\dimen110
\Gm@dimlist=\toks15
)
(/opt/texlive/2018/texmf-dist/tex/generic/babel/babel.sty
Package: babel 2018/11/13 3.27 The Babel package

(/opt/texlive/2018/texmf-dist/tex/generic/babel/switch.def
File: switch.def 2018/11/13 3.27 Babel switching mechanism
)
(/opt/texlive/2018/texmf-dist/tex/generic/babel-czech/czech.ldf
Language: czech 2008/07/06 v3.1a Czech support from the babel system

(/opt/texlive/2018/texmf-dist/tex/generic/babel/babel.def
File: babel.def 2018/11/13 3.27 Babel common definitions
\babel@savecnt=\count92
\U@D=\dimen111

(/opt/texlive/2018/texmf-dist/tex/generic/babel/txtbabel.def)
\bbl@dirlevel=\count93
)
Package babel Info: Making " an active character on input line 172.
\cs@wordlen=\count94
Package babel Info: Making - an active character on input line 226.
))
(/opt/texlive/2018/texmf-dist/tex/latex/base/inputenc.sty
Package: inputenc 2018/04/06 v1.3b Input encoding file
\inpenc@prehook=\toks16
\inpenc@posthook=\toks17
)
(/opt/texlive/2018/texmf-dist/tex/latex/graphics/graphicx.sty
Package: graphicx 2017/06/01 v1.1a Enhanced LaTeX Graphics (DPC,SPQR)

(/opt/texlive/2018/texmf-dist/tex/latex/graphics/graphics.sty
Package: graphics 2017/06/25 v1.2c Standard LaTeX Graphics (DPC,SPQR)

(/opt/texlive/2018/texmf-dist/tex/latex/graphics/trig.sty
Package: trig 2016/01/03 v1.10 sin cos tan (DPC)
)
(/opt/texlive/2018/texmf-dist/tex/latex/graphics-cfg/graphics.cfg
File: graphics.cfg 2016/06/04 v1.11 sample graphics configuration
)
Package graphics Info: Driver file: pdftex.def on input line 99.

(/opt/texlive/2018/texmf-dist/tex/latex/graphics-def/pdftex.def
File: pdftex.def 2018/01/08 v1.0l Graphics/color driver for pdftex
))
\Gin@req@height=\dimen112
\Gin@req@width=\dimen113
)
(/opt/texlive/2018/texmf-dist/tex/latex/tools/tabularx.sty
Package: tabularx 2016/02/03 v2.11b `tabularx' package (DPC)

(/opt/texlive/2018/texmf-dist/tex/latex/tools/array.sty
Package: array 2018/04/30 v2.4h Tabular extension package (FMi)
\col@sep=\dimen114
\ar@mcellbox=\box26
\extrarowheight=\dimen115
\NC@list=\toks18
\extratabsurround=\skip43
\backup@length=\skip44
\ar@cellbox=\box27
)
\TX@col@width=\dimen116
\TX@old@table=\dimen117
\TX@old@col=\dimen118
\TX@target=\dimen119
\TX@delta=\dimen120
\TX@cols=\count95
\TX@ftn=\toks19
)
(/opt/texlive/2018/texmf-dist/tex/latex/enumitem/enumitem.sty
Package: enumitem 2018/11/30 v3.6 Customized lists
\labelindent=\skip45
\enit@outerparindent=\dimen121
\enit@toks=\toks20
\enit@inbox=\box28
\enitdp@description=\count96
)
(/opt/texlive/2018/texmf-dist/tex/latex/oberdiek/epstopdf.sty
Package: epstopdf 2016/05/15 v2.6 Conversion with epstopdf on the fly (HO)

(/opt/texlive/2018/texmf-dist/tex/latex/oberdiek/epstopdf-base.sty
Package: epstopdf-base 2016/05/15 v2.6 Base part for package epstopdf

(/opt/texlive/2018/texmf-dist/tex/generic/oberdiek/infwarerr.sty
Package: infwarerr 2016/05/16 v1.4 Providing info/warning/error messages (HO)
)
(/opt/texlive/2018/texmf-dist/tex/latex/oberdiek/grfext.sty
Package: grfext 2016/05/16 v1.2 Manage graphics extensions (HO)

(/opt/texlive/2018/texmf-dist/tex/generic/oberdiek/kvdefinekeys.sty
Package: kvdefinekeys 2016/05/16 v1.4 Define keys (HO)

(/opt/texlive/2018/texmf-dist/tex/generic/oberdiek/ltxcmds.sty
Package: ltxcmds 2016/05/16 v1.23 LaTeX kernel commands for general use (HO)
)))
(/opt/texlive/2018/texmf-dist/tex/latex/oberdiek/kvoptions.sty
Package: kvoptions 2016/05/16 v3.12 Key value format for package options (HO)

(/opt/texlive/2018/texmf-dist/tex/generic/oberdiek/kvsetkeys.sty
Package: kvsetkeys 2016/05/16 v1.17 Key value parser (HO)

(/opt/texlive/2018/texmf-dist/tex/generic/oberdiek/etexcmds.sty
Package: etexcmds 2016/05/16 v1.6 Avoid name clashes with e-TeX commands (HO)

(/opt/texlive/2018/texmf-dist/tex/generic/oberdiek/ifluatex.sty
Package: ifluatex 2016/05/16 v1.4 Provides the ifluatex switch (HO)
Package ifluatex Info: LuaTeX not detected.
)
Package etexcmds Info: Could not find \expanded.
(etexcmds)             That can mean that you are not using pdfTeX 1.50 or
(etexcmds)             that some package has redefined \expanded.
(etexcmds)             In the latter case, load this package earlier.
)))
(/opt/texlive/2018/texmf-dist/tex/generic/oberdiek/pdftexcmds.sty
Package: pdftexcmds 2018/09/10 v0.29 Utility functions of pdfTeX for LuaTeX (HO
)
Package pdftexcmds Info: LuaTeX not detected.
Package pdftexcmds Info: \pdf@primitive is available.
Package pdftexcmds Info: \pdf@ifprimitive is available.
Package pdftexcmds Info: \pdfdraftmode found.
)
Package epstopdf-base Info: Redefining graphics rule for `.eps' on input line 4
38.
Package grfext Info: Graphics extension search list:
(grfext)             [.pdf,.png,.jpg,.mps,.jpeg,.jbig2,.jb2,.PDF,.PNG,.JPG,.JPE
G,.JBIG2,.JB2,.eps]
(grfext)             \AppendGraphicsExtensions on input line 456.

(/opt/texlive/2018/texmf-dist/tex/latex/latexconfig/epstopdf-sys.cfg
File: epstopdf-sys.cfg 2010/07/13 v1.3 Configuration of (r)epstopdf for TeX Liv
e
)))
(/opt/texlive/2018/texmf-dist/tex/latex/setspace/setspace.sty
Package: setspace 2011/12/19 v6.7a set line spacing
)
(/opt/texlive/2018/texmf-dist/tex/latex/csquotes/csquotes.sty
Package: csquotes 2018/04/13 v5.2d context-sensitive quotations (JAW)

(/opt/texlive/2018/texmf-dist/tex/latex/etoolbox/etoolbox.sty
Package: etoolbox 2018/08/19 v2.5f e-TeX tools for LaTeX (JAW)
\etb@tempcnta=\count97
)
\csq@reset=\count98
\csq@gtype=\count99
\csq@glevel=\count100
\csq@qlevel=\count101
\csq@maxlvl=\count102
\csq@tshold=\count103
\csq@ltx@everypar=\toks21

(/opt/texlive/2018/texmf-dist/tex/latex/csquotes/csquotes.def
File: csquotes.def 2018/04/13 v5.2d csquotes generic definitions (JAW)
)
Package csquotes Info: Trying to load configuration file 'csquotes.cfg'...
Package csquotes Info: ... configuration file loaded successfully.

(/opt/texlive/2018/texmf-dist/tex/latex/csquotes/csquotes.cfg
File: csquotes.cfg 
))
(/opt/texlive/2018/texmf-dist/tex/latex/amsmath/amsmath.sty
Package: amsmath 2017/09/02 v2.17a AMS math features
\@mathmargin=\skip46

For additional information on amsmath, use the `?' option.
(/opt/texlive/2018/texmf-dist/tex/latex/amsmath/amstext.sty
Package: amstext 2000/06/29 v2.01 AMS text

(/opt/texlive/2018/texmf-dist/tex/latex/amsmath/amsgen.sty
File: amsgen.sty 1999/11/30 v2.0 generic functions
\@emptytoks=\toks22
\ex@=\dimen122
))
(/opt/texlive/2018/texmf-dist/tex/latex/amsmath/amsbsy.sty
Package: amsbsy 1999/11/29 v1.2d Bold Symbols
\pmbraise@=\dimen123
)
(/opt/texlive/2018/texmf-dist/tex/latex/amsmath/amsopn.sty
Package: amsopn 2016/03/08 v2.02 operator names
)
\inf@bad=\count104
LaTeX Info: Redefining \frac on input line 213.
\uproot@=\count105
\leftroot@=\count106
LaTeX Info: Redefining \overline on input line 375.
\classnum@=\count107
\DOTSCASE@=\count108
LaTeX Info: Redefining \ldots on input line 472.
LaTeX Info: Redefining \dots on input line 475.
LaTeX Info: Redefining \cdots on input line 596.
\Mathstrutbox@=\box29
\strutbox@=\box30
\big@size=\dimen124
LaTeX Font Info:    Redeclaring font encoding OML on input line 712.
LaTeX Font Info:    Redeclaring font encoding OMS on input line 713.
\macc@depth=\count109
\c@MaxMatrixCols=\count110
\dotsspace@=\muskip10
\c@parentequation=\count111
\dspbrk@lvl=\count112
\tag@help=\toks23
\row@=\count113
\column@=\count114
\maxfields@=\count115
\andhelp@=\toks24
\eqnshift@=\dimen125
\alignsep@=\dimen126
\tagshift@=\dimen127
\tagwidth@=\dimen128
\totwidth@=\dimen129
\lineht@=\dimen130
\@envbody=\toks25
\multlinegap=\skip47
\multlinetaggap=\skip48
\mathdisplay@stack=\toks26
LaTeX Info: Redefining \[ on input line 2817.
LaTeX Info: Redefining \] on input line 2818.
)
(/opt/texlive/2018/texmf-dist/tex/latex/amsfonts/amssymb.sty
Package: amssymb 2013/01/14 v3.01 AMS font symbols

(/opt/texlive/2018/texmf-dist/tex/latex/amsfonts/amsfonts.sty
Package: amsfonts 2013/01/14 v3.01 Basic AMSFonts support
\symAMSa=\mathgroup4
\symAMSb=\mathgroup5
LaTeX Font Info:    Overwriting math alphabet `\mathfrak' in version `bold'
(Font)                  U/euf/m/n --> U/euf/b/n on input line 106.
))
(/opt/texlive/2018/texmf-dist/tex/latex/amscls/amsthm.sty
Package: amsthm 2017/10/31 v2.20.4
\thm@style=\toks27
\thm@bodyfont=\toks28
\thm@headfont=\toks29
\thm@notefont=\toks30
\thm@headpunct=\toks31
\thm@preskip=\skip49
\thm@postskip=\skip50
\thm@headsep=\skip51
\dth@everypar=\toks32
)
(/opt/texlive/2018/texmf-dist/tex/latex/asymptote/asymptote.sty
Package: asymptote 2016/11/26 v1.33 Asymptote style file for LaTeX

(./asteroidy.pre (./asteroidy-1.pre) (./asteroidy-2.pre) (./asteroidy-3.pre)
(./asteroidy-4.pre))
\ASYbox=\box31
\ASYdimen=\dimen131
\c@asy=\count116
\AsyStream=\write3
\AsyPreStream=\write4
 (/opt/texlive/2018/texmf-dist/tex/latex/base/ifthen.sty
Package: ifthen 2014/09/29 v1.1c Standard LaTeX ifthen package (DPC)
)
(/opt/texlive/2018/texmf-dist/tex/latex/graphics/color.sty
Package: color 2016/07/10 v1.1e Standard LaTeX Color (DPC)

(/opt/texlive/2018/texmf-dist/tex/latex/graphics-cfg/color.cfg
File: color.cfg 2016/01/02 v1.6 sample color configuration
)
Package color Info: Driver file: pdftex.def on input line 147.
)
(/opt/texlive/2018/texmf-dist/tex/generic/oberdiek/catchfile.sty
Package: catchfile 2016/05/16 v1.7 Catch the contents of a file (HO)
)
\openout4 = `asteroidy.pre'.

)
(/opt/texlive/2018/texmf-dist/tex/latex/esdiff/esdiff.sty
Package: esdiff 
)
(/opt/texlive/2018/texmf-dist/tex/latex/was/icomma.sty
Package: icomma 2002/03/10 v2.0 (WaS)
)
(/opt/texlive/2018/texmf-dist/tex/latex/caption/subcaption.sty
Package: subcaption 2018/05/01 v1.1-162 Sub-captions (AR)

(/opt/texlive/2018/texmf-dist/tex/latex/caption/caption.sty
Package: caption 2018/10/06 v3.3-154 Customizing captions (AR)

(/opt/texlive/2018/texmf-dist/tex/latex/caption/caption3.sty
Package: caption3 2018/09/12 v1.8c caption3 kernel (AR)
Package caption3 Info: TeX engine: e-TeX on input line 64.
\captionmargin=\dimen132
\captionmargin@=\dimen133
\captionwidth=\dimen134
\caption@tempdima=\dimen135
\caption@indent=\dimen136
\caption@parindent=\dimen137
\caption@hangindent=\dimen138
)
\c@caption@flags=\count117
\c@ContinuedFloat=\count118
)
\c@subfigure=\count119
\c@subtable=\count120
)
(/opt/texlive/2018/texmf-dist/tex/latex/blindtext/blindtext.sty
Package: blindtext 2012/01/06 V2.0 blindtext-Package

(/opt/texlive/2018/texmf-dist/tex/latex/tools/xspace.sty
Package: xspace 2014/10/28 v1.13 Space after command names (DPC,MH)
)
\c@blindtext=\count121
\c@Blindtext=\count122
\c@blind@countparstart=\count123
\blind@countxx=\count124
\blindtext@numBlindtext=\count125
\blind@countyy=\count126
\c@blindlist=\count127
\c@blindlistlevel=\count128
\c@blindlist@level=\count129
\blind@listitem=\count130
\c@blind@listcount=\count131
\c@blind@levelcount=\count132
\blind@mathformula=\count133
\blind@Mathformula=\count134
\c@blind@randomcount=\count135
\c@blind@randommax=\count136
\c@blind@pangramcount=\count137
\c@blind@pangrammax=\count138
)
(/opt/texlive/2018/texmf-dist/tex/latex/appendix/appendix.sty
Package: appendix 2009/09/02 v1.2b extra appendix facilities
\c@@pps=\count139
\c@@ppsavesec=\count140
\c@@ppsaveapp=\count141
)
(/opt/texlive/2018/texmf-dist/tex/latex/listings/listings.sty
\lst@mode=\count142
\lst@gtempboxa=\box32
\lst@token=\toks33
\lst@length=\count143
\lst@currlwidth=\dimen139
\lst@column=\count144
\lst@pos=\count145
\lst@lostspace=\dimen140
\lst@width=\dimen141
\lst@newlines=\count146
\lst@lineno=\count147
\lst@maxwidth=\dimen142

(/opt/texlive/2018/texmf-dist/tex/latex/listings/lstmisc.sty
File: lstmisc.sty 2018/09/02 1.7 (Carsten Heinz)
\c@lstnumber=\count148
\lst@skipnumbers=\count149
\lst@framebox=\box33
)
(/opt/texlive/2018/texmf-dist/tex/latex/listings/listings.cfg
File: listings.cfg 2018/09/02 1.7 listings configuration
))
Package: listings 2018/09/02 1.7 (Carsten Heinz)

(/opt/texlive/2018/texmf-dist/tex/latex/biblatex/biblatex.sty
Package: biblatex 2018/11/02 v3.12 programmable bibliographies (PK/MW)

(/opt/texlive/2018/texmf-dist/tex/latex/logreq/logreq.sty
Package: logreq 2010/08/04 v1.0 xml request logger
\lrq@indent=\count150

(/opt/texlive/2018/texmf-dist/tex/latex/logreq/logreq.def
File: logreq.def 2010/08/04 v1.0 logreq spec v1.0
))
(/opt/texlive/2018/texmf-dist/tex/latex/url/url.sty
\Urlmuskip=\muskip11
Package: url 2013/09/16  ver 3.4  Verb mode for urls, etc.
)
\c@tabx@nest=\count151
\c@listtotal=\count152
\c@listcount=\count153
\c@liststart=\count154
\c@liststop=\count155
\c@citecount=\count156
\c@citetotal=\count157
\c@multicitecount=\count158
\c@multicitetotal=\count159
\c@instcount=\count160
\c@maxnames=\count161
\c@minnames=\count162
\c@maxitems=\count163
\c@minitems=\count164
\c@citecounter=\count165
\c@maxcitecounter=\count166
\c@savedcitecounter=\count167
\c@uniquelist=\count168
\c@uniquename=\count169
\c@refsection=\count170
\c@refsegment=\count171
\c@maxextratitle=\count172
\c@maxextratitleyear=\count173
\c@maxextraname=\count174
\c@maxextradate=\count175
\c@maxextraalpha=\count176
\c@abbrvpenalty=\count177
\c@highnamepenalty=\count178
\c@lownamepenalty=\count179
\c@maxparens=\count180
\c@parenlevel=\count181
\blx@tempcnta=\count182
\blx@tempcntb=\count183
\blx@tempcntc=\count184
\blx@maxsection=\count185
\blx@maxsegment@0=\count186
\blx@notetype=\count187
\blx@parenlevel@text=\count188
\blx@parenlevel@foot=\count189
\blx@sectionciteorder@0=\count190
\blx@entrysetcounter=\count191
\labelnumberwidth=\skip52
\labelalphawidth=\skip53
\biblabelsep=\skip54
\bibitemsep=\skip55
\bibnamesep=\skip56
\bibinitsep=\skip57
\bibparsep=\skip58
\bibhang=\skip59
\blx@bcfin=\read1
\blx@bcfout=\write5
\c@mincomprange=\count192
\c@maxcomprange=\count193
\c@mincompwidth=\count194
Package biblatex Info: Trying to load biblatex default data model...
Package biblatex Info: ... file 'blx-dm.def' found.

(/opt/texlive/2018/texmf-dist/tex/latex/biblatex/blx-dm.def
File: blx-dm.def 2018/11/02 v3.12 biblatex localization (PK/MW)
)
Package biblatex Info: Trying to load biblatex custom data model...
Package biblatex Info: ... file 'biblatex-dm.cfg' not found.
\c@afterword=\count195
\c@savedafterword=\count196
\c@annotator=\count197
\c@savedannotator=\count198
\c@author=\count199
\c@savedauthor=\count266
\c@bookauthor=\count267
\c@savedbookauthor=\count268
\c@commentator=\count269
\c@savedcommentator=\count270
\c@editor=\count271
\c@savededitor=\count272
\c@editora=\count273
\c@savededitora=\count274
\c@editorb=\count275
\c@savededitorb=\count276
\c@editorc=\count277
\c@savededitorc=\count278
\c@foreword=\count279
\c@savedforeword=\count280
\c@holder=\count281
\c@savedholder=\count282
\c@introduction=\count283
\c@savedintroduction=\count284
\c@namea=\count285
\c@savednamea=\count286
\c@nameb=\count287
\c@savednameb=\count288
\c@namec=\count289
\c@savednamec=\count290
\c@translator=\count291
\c@savedtranslator=\count292
\c@shortauthor=\count293
\c@savedshortauthor=\count294
\c@shorteditor=\count295
\c@savedshorteditor=\count296
\c@labelname=\count297
\c@savedlabelname=\count298
\c@institution=\count299
\c@savedinstitution=\count300
\c@lista=\count301
\c@savedlista=\count302
\c@listb=\count303
\c@savedlistb=\count304
\c@listc=\count305
\c@savedlistc=\count306
\c@listd=\count307
\c@savedlistd=\count308
\c@liste=\count309
\c@savedliste=\count310
\c@listf=\count311
\c@savedlistf=\count312
\c@location=\count313
\c@savedlocation=\count314
\c@organization=\count315
\c@savedorganization=\count316
\c@origlocation=\count317
\c@savedoriglocation=\count318
\c@origpublisher=\count319
\c@savedorigpublisher=\count320
\c@publisher=\count321
\c@savedpublisher=\count322
\c@language=\count323
\c@savedlanguage=\count324
\c@origlanguage=\count325
\c@savedoriglanguage=\count326
\c@pageref=\count327
\c@savedpageref=\count328
\shorthandwidth=\skip60
\shortjournalwidth=\skip61
\shortserieswidth=\skip62
\shorttitlewidth=\skip63
\shortauthorwidth=\skip64
\shorteditorwidth=\skip65
\locallabelnumberwidth=\skip66
\locallabelalphawidth=\skip67
\localshorthandwidth=\skip68
\localshortjournalwidth=\skip69
\localshortserieswidth=\skip70
\localshorttitlewidth=\skip71
\localshortauthorwidth=\skip72
\localshorteditorwidth=\skip73
Package biblatex Info: Trying to load compatibility code...
Package biblatex Info: ... file 'blx-compat.def' found.

(/opt/texlive/2018/texmf-dist/tex/latex/biblatex/blx-compat.def
File: blx-compat.def 2018/11/02 v3.12 biblatex compatibility (PK/MW)
)
Package biblatex Info: Trying to load generic definitions...
Package biblatex Info: ... file 'biblatex.def' found.

(/opt/texlive/2018/texmf-dist/tex/latex/biblatex/biblatex.def
File: biblatex.def 2018/11/02 v3.12 biblatex compatibility (PK/MW)
\c@textcitecount=\count329
\c@textcitetotal=\count330
\c@textcitemaxnames=\count331
\c@biburlnumpenalty=\count332
\c@biburlucpenalty=\count333
\c@biburllcpenalty=\count334
\c@smartand=\count335
)
Package biblatex Info: Trying to load bibliography style 'numeric'...
Package biblatex Info: ... file 'numeric.bbx' found.

(/opt/texlive/2018/texmf-dist/tex/latex/biblatex/bbx/numeric.bbx
File: numeric.bbx 2018/11/02 v3.12 biblatex bibliography style (PK/MW)
Package biblatex Info: Trying to load bibliography style 'standard'...
Package biblatex Info: ... file 'standard.bbx' found.

(/opt/texlive/2018/texmf-dist/tex/latex/biblatex/bbx/standard.bbx
File: standard.bbx 2018/11/02 v3.12 biblatex bibliography style (PK/MW)
\c@bbx:relatedcount=\count336
\c@bbx:relatedtotal=\count337
))
Package biblatex Info: Trying to load citation style 'numeric'...
Package biblatex Info: ... file 'numeric.cbx' found.

(/opt/texlive/2018/texmf-dist/tex/latex/biblatex/cbx/numeric.cbx
File: numeric.cbx 2018/11/02 v3.12 biblatex citation style (PK/MW)
Package biblatex Info: Redefining '\cite'.
Package biblatex Info: Redefining '\parencite'.
Package biblatex Info: Redefining '\footcite'.
Package biblatex Info: Redefining '\footcitetext'.
Package biblatex Info: Redefining '\smartcite'.
Package biblatex Info: Redefining '\supercite'.
Package biblatex Info: Redefining '\textcite'.
Package biblatex Info: Redefining '\textcites'.
Package biblatex Info: Redefining '\cites'.
Package biblatex Info: Redefining '\parencites'.
Package biblatex Info: Redefining '\smartcites'.
)
Package biblatex Info: Trying to load configuration file...
Package biblatex Info: ... file 'biblatex.cfg' found.

(/opt/texlive/2018/texmf-dist/tex/latex/biblatex/biblatex.cfg
File: biblatex.cfg 
))
Package csquotes Info: Checking for multilingual support...
Package csquotes Info: ... found 'babel' package.
Package csquotes Info: Adjusting default style.
Package csquotes Info: Redefining alias 'default' -> 'czech'.
Package biblatex Info: Trying to load language 'czech'...
Package biblatex Info: ... file 'czech.lbx' found.

(/opt/texlive/2018/texmf-dist/tex/latex/biblatex/lbx/czech.lbx
File: czech.lbx 2018/11/02 v3.12 biblatex localization (PK/MW)
)

LaTeX Warning: Unused global option(s):
    [A4paper].

(./asteroidy.aux)
\openout1 = `asteroidy.aux'.

LaTeX Font Info:    Checking defaults for OML/cmm/m/it on input line 46.
LaTeX Font Info:    ... okay on input line 46.
LaTeX Font Info:    Checking defaults for T1/cmr/m/n on input line 46.
LaTeX Font Info:    ... okay on input line 46.
LaTeX Font Info:    Checking defaults for OT1/cmr/m/n on input line 46.
LaTeX Font Info:    ... okay on input line 46.
LaTeX Font Info:    Checking defaults for OMS/cmsy/m/n on input line 46.
LaTeX Font Info:    ... okay on input line 46.
LaTeX Font Info:    Checking defaults for OMX/cmex/m/n on input line 46.
LaTeX Font Info:    ... okay on input line 46.
LaTeX Font Info:    Checking defaults for U/cmr/m/n on input line 46.
LaTeX Font Info:    ... okay on input line 46.

*geometry* driver: auto-detecting
*geometry* detected driver: pdftex
*geometry* verbose mode - [ preamble ] result:
* driver: pdftex
* paper: <default>
* layout: <same size as paper>
* layoutoffset:(h,v)=(0.0pt,0.0pt)
* modes: 
* h-part:(L,W,R)=(72.26999pt, 469.75502pt, 72.26999pt)
* v-part:(T,H,B)=(72.26999pt, 650.43001pt, 72.26999pt)
* \paperwidth=614.295pt
* \paperheight=794.96999pt
* \textwidth=469.75502pt
* \textheight=650.43001pt
* \oddsidemargin=0.0pt
* \evensidemargin=0.0pt
* \topmargin=-31.8738pt
* \headheight=12.0pt
* \headsep=19.8738pt
* \topskip=12.0pt
* \footskip=30.0pt
* \marginparwidth=47.0pt
* \marginparsep=7.0pt
* \columnsep=10.0pt
* \skip\footins=10.8pt plus 4.0pt minus 2.0pt
* \hoffset=0.0pt
* \voffset=0.0pt
* \mag=1000
* \@twocolumnfalse
* \@twosidefalse
* \@mparswitchfalse
* \@reversemarginfalse
* (1in=72.27pt=25.4mm, 1cm=28.453pt)

(/opt/texlive/2018/texmf-dist/tex/context/base/mkii/supp-pdf.mkii
[Loading MPS to PDF converter (version 2006.09.02).]
\scratchcounter=\count338
\scratchdimen=\dimen143
\scratchbox=\box34
\nofMPsegments=\count339
\nofMParguments=\count340
\everyMPshowfont=\toks34
\MPscratchCnt=\count341
\MPscratchDim=\dimen144
\MPnumerator=\count342
\makeMPintoPDFobject=\count343
\everyMPtoPDFconversion=\toks35
)
Package caption Info: Begin \AtBeginDocument code.
Package caption Info: listings package is loaded.
Package caption Info: End \AtBeginDocument code.
\c@lstlisting=\count344
Package biblatex Info: Input encoding 'utf8' detected.
Package biblatex Info: Automatic encoding selection.
(biblatex)             Assuming data encoding 'utf8'.
\openout5 = `asteroidy.bcf'.

Package biblatex Info: Trying to load bibliographic data...
Package biblatex Info: ... file 'asteroidy.bbl' found.
 (./asteroidy.bbl

Package biblatex Warning: The following entry could not be found
(biblatex)                in the database:
(biblatex)                ?
(biblatex)                Please verify the spelling and rerun
(biblatex)                LaTeX afterwards.

)
Package biblatex Info: Reference section=0 on input line 46.
Package biblatex Info: Reference segment=0 on input line 46.


LaTeX Font Warning: Font shape `OT1/cmr/bx/sc' undefined
(Font)              using `OT1/cmr/bx/n' instead on input line 49.

[1{/opt/texlive/2018/texmf-var/fonts/map/pdftex/updmap/pdftex.map}

]
(/opt/texlive/2018/texmf-dist/tex/latex/amsfonts/umsa.fd)
(/opt/texlive/2018/texmf-dist/tex/latex/amsfonts/umsb.fd) [2] [3] [4] [5]
(./asteroidy.toc [6

])
\tf@toc=\write6
\openout6 = `asteroidy.toc'.

 [7]
Kapitola 1.
[8

] [9]
Overfull \hbox (1.67882pt too wide) in paragraph at lines 151--152
\OT1/cmr/m/n/12 abychom z n^^S^^P od-vo-dili n^^Sasleduj^^S^^Pc^^S^^P vztah, pr
o-zrad^^S^^Pme, ^^Tze je j^^S^^Pm funkce v pol^^Sarn^^S^^Pch sou^^Tradnic^^S^^P
ch,
 []

[10]
\openout3 = `asteroidy-1.asy'.

 (./asteroidy-1.tex
<asteroidy-1_0.pdf, id=45, 341.43561pt x 153.68416pt>
File: asteroidy-1_0.pdf Graphic file (type pdf)
<use asteroidy-1_0.pdf>
Package pdftex.def Info: asteroidy-1_0.pdf  used on input line 9.
(pdftex.def)             Requested size: 341.43477pt x 153.68378pt.
Package color Info: Redefining color ASYcolor on input line 15.
Package color Info: Redefining color ASYcolor on input line 18.
Package color Info: Redefining color ASYcolor on input line 21.
Package color Info: Redefining color ASYcolor on input line 24.
Package color Info: Redefining color ASYcolor on input line 27.
Package color Info: Redefining color ASYcolor on input line 30.
Package color Info: Redefining color ASYcolor on input line 33.
)
\openout3 = `asteroidy-2.asy'.

 (./asteroidy-2.tex
<asteroidy-2_0.pdf, id=46, 227.62039pt x 190.94336pt>
File: asteroidy-2_0.pdf Graphic file (type pdf)
<use asteroidy-2_0.pdf>
Package pdftex.def Info: asteroidy-2_0.pdf  used on input line 9.
(pdftex.def)             Requested size: 227.61983pt x 190.94287pt.
Package color Info: Redefining color ASYcolor on input line 15.
Package color Info: Redefining color ASYcolor on input line 18.
Package color Info: Redefining color ASYcolor on input line 21.
Package color Info: Redefining color ASYcolor on input line 24.
Package color Info: Redefining color ASYcolor on input line 27.
Package color Info: Redefining color ASYcolor on input line 30.
Package color Info: Redefining color ASYcolor on input line 33.
) [11 <./asteroidy-1_0.pdf>]
Overfull \hbox (2.48026pt too wide) in paragraph at lines 283--284
[]\OT1/cmr/m/n/12 Anom^^Salie maj^^S^^P ^^Suhlov^^Se jed-notky, ^^Suhel $\OML/c
mm/m/it/12 M$ \OT1/cmr/m/n/12 ale nem^^Wu^^Tzeme zkon-stru-o-vat, nicm^^Sen^^Te
 je v^^Syznamn^^Sy
 []

[12 <./asteroidy-2_0.pdf>] [13] [14]
\openout3 = `asteroidy-3.asy'.

 (./asteroidy-3.tex
<asteroidy-3_0.pdf, id=66, 227.62039pt x 199.23434pt>
File: asteroidy-3_0.pdf Graphic file (type pdf)
<use asteroidy-3_0.pdf>
Package pdftex.def Info: asteroidy-3_0.pdf  used on input line 9.
(pdftex.def)             Requested size: 227.61983pt x 199.23384pt.
Package color Info: Redefining color ASYcolor on input line 15.
Package color Info: Redefining color ASYcolor on input line 18.
Package color Info: Redefining color ASYcolor on input line 21.
Package color Info: Redefining color ASYcolor on input line 24.
Package color Info: Redefining color ASYcolor on input line 27.
Package color Info: Redefining color ASYcolor on input line 30.
Package color Info: Redefining color ASYcolor on input line 33.
Package color Info: Redefining color ASYcolor on input line 36.
Package color Info: Redefining color ASYcolor on input line 39.
Package color Info: Redefining color ASYcolor on input line 42.
Package color Info: Redefining color ASYcolor on input line 45.
Package color Info: Redefining color ASYcolor on input line 48.
Package color Info: Redefining color ASYcolor on input line 51.
)
Overfull \hbox (16.2315pt too wide) in paragraph at lines 9--448
[][][][][][][][][][][][][][][][][][][][][][][][][][][][][][][][][][][][][][][][
][][][][] 
 []

\openout3 = `asteroidy-4.asy'.

(./asteroidy-4.tex
<asteroidy-4_0.pdf, id=67, 227.62039pt x 199.23434pt>
File: asteroidy-4_0.pdf Graphic file (type pdf)
<use asteroidy-4_0.pdf>
Package pdftex.def Info: asteroidy-4_0.pdf  used on input line 9.
(pdftex.def)             Requested size: 227.61983pt x 199.23384pt.
Package color Info: Redefining color ASYcolor on input line 15.
Package color Info: Redefining color ASYcolor on input line 18.
Package color Info: Redefining color ASYcolor on input line 21.
Package color Info: Redefining color ASYcolor on input line 24.
Package color Info: Redefining color ASYcolor on input line 27.
Package color Info: Redefining color ASYcolor on input line 30.
Package color Info: Redefining color ASYcolor on input line 33.
Package color Info: Redefining color ASYcolor on input line 36.
Package color Info: Redefining color ASYcolor on input line 39.
Package color Info: Redefining color ASYcolor on input line 42.
Package color Info: Redefining color ASYcolor on input line 45.
Package color Info: Redefining color ASYcolor on input line 48.
Package color Info: Redefining color ASYcolor on input line 51.
)
Overfull \hbox (16.2315pt too wide) in paragraph at lines 9--544
[][][][][][][][][][][][][][][][][][][][][][][][][][][][][][][][][][][][][][][][
][][][][] 
 []

[15 <./asteroidy-3_0.pdf> <./asteroidy-4_0.pdf>]
Overfull \hbox (2.8188pt too wide) in paragraph at lines 551--552
\OT1/cmr/m/n/12 jako $[](\OML/cmm/m/it/12 t[]\OT1/cmr/m/n/12 ) = [](\OML/cmm/m/
it/12 t[]\OT1/cmr/m/n/12 ) + \OML/cmm/m/it/12 h []\OT1/cmr/m/n/12 (\OML/cmm/m/i
t/12 t[]\OT1/cmr/m/n/12 )$. Pot^^Se se vrat[]me ke kroku $1$, ten-tokr^^Sat po^
^Tc^^S^^Ptaje v ^^Tcase $\OML/cmm/m/it/12 t[]$\OT1/cmr/m/n/12 . 
 []

[16] [17]
Package epstopdf Info: Source file: <obr/atOF.eps>
(epstopdf)                    date: 2019-01-05 18:19:48
(epstopdf)                    size: 89372 bytes
(epstopdf)             Output file: <obr/atOF-eps-converted-to.pdf>
(epstopdf)                    date: 2019-01-05 18:20:12
(epstopdf)                    size: 69399 bytes
(epstopdf)             Command: <repstopdf --outfile=obr/atOF-eps-converted-to.
pdf obr/atOF.eps>
(epstopdf)             \includegraphics on input line 601.
Package epstopdf Info: Output file is already uptodate.
<obr/atOF-eps-converted-to.pdf, id=81, 361.35pt x 252.945pt>
File: obr/atOF-eps-converted-to.pdf Graphic file (type pdf)
<use obr/atOF-eps-converted-to.pdf>
Package pdftex.def Info: obr/atOF-eps-converted-to.pdf  used on input line 601.

(pdftex.def)             Requested size: 375.80544pt x 263.06432pt.
Package epstopdf Info: Source file: <obr/atFP.eps>
(epstopdf)                    date: 2019-01-05 18:18:51
(epstopdf)                    size: 81139 bytes
(epstopdf)             Output file: <obr/atFP-eps-converted-to.pdf>
(epstopdf)                    date: 2019-01-05 18:20:12
(epstopdf)                    size: 65076 bytes
(epstopdf)             Command: <repstopdf --outfile=obr/atFP-eps-converted-to.
pdf obr/atFP.eps>
(epstopdf)             \includegraphics on input line 614.
Package epstopdf Info: Output file is already uptodate.
<obr/atFP-eps-converted-to.pdf, id=82, 361.35pt x 252.945pt>
File: obr/atFP-eps-converted-to.pdf Graphic file (type pdf)
<use obr/atFP-eps-converted-to.pdf>
Package pdftex.def Info: obr/atFP-eps-converted-to.pdf  used on input line 614.

(pdftex.def)             Requested size: 375.80544pt x 263.06432pt.

Overfull \hbox (4.15804pt too wide) in paragraph at lines 621--622
\OT1/cmr/m/n/12 t^^Sem^^Te^^Tr nem^^Tenn^^Se na dlouh^^Sem ^^Tcasov^^Sem ^^Suse
ku, a^^Tckoliv p^^Wusoben^^S^^Pm ne-gra-vita^^Tcn^^S^^Pch sil --- p^^Tredev^^Ts
^^S^^Pm
 []

[18] [19 <./obr/atOF-eps-converted-to.pdf>] [20 <./obr/atFP-eps-converted-to.pd
f>]
Kapitola 2.
<obr/vesta.jpg, id=109, 1058.95625pt x 1027.84pt>
File: obr/vesta.jpg Graphic file (type jpg)
<use obr/vesta.jpg>
Package pdftex.def Info: obr/vesta.jpg  used on input line 631.
(pdftex.def)             Requested size: 328.82707pt x 319.16035pt.
[21

 <./obr/vesta.jpg>]
<obr/ssb.png, id=114, 1284.8pt x 989.6975pt>
File: obr/ssb.png Graphic file (type png)
<use obr/ssb.png>
Package pdftex.def Info: obr/ssb.png  used on input line 639.
(pdftex.def)             Requested size: 281.85587pt x 217.11496pt.
<obr/mainbelt.png, id=116, 1205.50375pt x 904.37875pt>
File: obr/mainbelt.png Graphic file (type png)
<use obr/mainbelt.png>
Package pdftex.def Info: obr/mainbelt.png  used on input line 649.
(pdftex.def)             Requested size: 375.80544pt x 281.92769pt.
 [22 <./obr/ssb.png>] [23 <./obr/mainbelt.png>]
Overfull \hbox (9.09268pt too wide) in paragraph at lines 672--673
[]\OT1/cmr/m/n/12 P^^Tredpokl^^Sadejme, ^^Tze v n^^Sami hle-dan^^Se re-zo-nanci
 $8 : 3$ se nach^^Saz^^S^^P n^^Tejak^^Sa pla-netka a vypo^^Tc^^S^^Ptejme
 []

[24]
<obr/trajec_001.png, id=130, 602.25pt x 376.40625pt>
File: obr/trajec_001.png Graphic file (type png)
<use obr/trajec_001.png>
Package pdftex.def Info: obr/trajec_001.png  used on input line 688.
(pdftex.def)             Requested size: 230.18253pt x 143.86292pt.
<obr/trajec_101.png, id=131, 602.25pt x 376.40625pt>
File: obr/trajec_101.png Graphic file (type png)
<use obr/trajec_101.png>
Package pdftex.def Info: obr/trajec_101.png  used on input line 689.
(pdftex.def)             Requested size: 230.18253pt x 143.86292pt.
<obr/trajec_201.png, id=132, 602.25pt x 376.40625pt>
File: obr/trajec_201.png Graphic file (type png)
<use obr/trajec_201.png>
Package pdftex.def Info: obr/trajec_201.png  used on input line 690.
(pdftex.def)             Requested size: 230.18253pt x 143.86292pt.
<obr/trajec_501.png, id=133, 602.25pt x 376.40625pt>
File: obr/trajec_501.png Graphic file (type png)
<use obr/trajec_501.png>
Package pdftex.def Info: obr/trajec_501.png  used on input line 691.
(pdftex.def)             Requested size: 230.18253pt x 143.86292pt.

Overfull \hbox (0.54417pt too wide) in paragraph at lines 695--696
\OT1/cmr/m/n/12 m^^Salo pravd^^Tepodobn^^Se, ale v dlouh^^Sem ^^Tcasov^^Sem ^^S
useku --- $4\OML/cmm/m/it/12 ;\OT1/cmr/m/n/12 5 []$ od vzniku na^^Ts^^S^^P slun
e^^Tcn^^S^^P
 []

[25] [26 <./obr/trajec_001.png> <./obr/trajec_101.png> <./obr/trajec_201.png> <
./obr/trajec_501.png>]

LaTeX Warning: Reference `fig:Nv' on page 27 undefined on input line 707.

Package epstopdf Info: Source file: <obr/aH_wise.eps>
(epstopdf)                    date: 2019-01-05 21:30:19
(epstopdf)                    size: 247772 bytes
(epstopdf)             Output file: <obr/aH_wise-eps-converted-to.pdf>
(epstopdf)                    date: 2019-01-05 21:31:40
(epstopdf)                    size: 421280 bytes
(epstopdf)             Command: <repstopdf --outfile=obr/aH_wise-eps-converted-
to.pdf obr/aH_wise.eps>
(epstopdf)             \includegraphics on input line 717.
Package epstopdf Info: Output file is already uptodate.
<obr/aH_wise-eps-converted-to.pdf, id=145, 361.35pt x 252.945pt>
File: obr/aH_wise-eps-converted-to.pdf Graphic file (type pdf)
<use obr/aH_wise-eps-converted-to.pdf>
Package pdftex.def Info: obr/aH_wise-eps-converted-to.pdf  used on input line 7
17.
(pdftex.def)             Requested size: 234.8775pt x 164.41615pt.
[27] [28 <./obr/aH_wise-eps-converted-to.pdf>]
Kapitola 3.
Package epstopdf Info: Source file: <obr/Nv.eps>
(epstopdf)                    date: 2018-12-19 21:47:32
(epstopdf)                    size: 26014 bytes
(epstopdf)             Output file: <obr/Nv-eps-converted-to.pdf>
(epstopdf)                    date: 2018-12-19 21:47:36
(epstopdf)                    size: 6525 bytes
(epstopdf)             Command: <repstopdf --outfile=obr/Nv-eps-converted-to.pd
f obr/Nv.eps>
(epstopdf)             \includegraphics on input line 730.
Package epstopdf Info: Output file is already uptodate.
<obr/Nv-eps-converted-to.pdf, id=160, 361.35pt x 252.945pt>
File: obr/Nv-eps-converted-to.pdf Graphic file (type pdf)
<use obr/Nv-eps-converted-to.pdf>
Package pdftex.def Info: obr/Nv-eps-converted-to.pdf  used on input line 730.
(pdftex.def)             Requested size: 281.85587pt x 197.30016pt.
Package epstopdf Info: Source file: <obr/size_distribution.eps>
(epstopdf)                    date: 2018-12-09 16:20:14
(epstopdf)                    size: 35012 bytes
(epstopdf)             Output file: <obr/size_distribution-eps-converted-to.pdf
>
(epstopdf)                    date: 2018-12-19 20:03:49
(epstopdf)                    size: 12814 bytes
(epstopdf)             Command: <repstopdf --outfile=obr/size_distribution-eps-
converted-to.pdf obr/size_distribution.eps>
(epstopdf)             \includegraphics on input line 737.
Package epstopdf Info: Output file is already uptodate.
<obr/size_distribution-eps-converted-to.pdf, id=161, 271.0125pt x 252.945pt>
File: obr/size_distribution-eps-converted-to.pdf Graphic file (type pdf)
<use obr/size_distribution-eps-converted-to.pdf>
Package pdftex.def Info: obr/size_distribution-eps-converted-to.pdf  used on in
put line 737.
(pdftex.def)             Requested size: 211.38832pt x 197.30402pt.
Package epstopdf Info: Source file: <obr/size_distribution_SMALLD.eps>
(epstopdf)                    date: 2018-12-09 16:20:14
(epstopdf)                    size: 38387 bytes
(epstopdf)             Output file: <obr/size_distribution_SMALLD-eps-converted
-to.pdf>
(epstopdf)                    date: 2018-12-19 20:03:49
(epstopdf)                    size: 13224 bytes
(epstopdf)             Command: <repstopdf --outfile=obr/size_distribution_SMAL
LD-eps-converted-to.pdf obr/size_distribution_SMALLD.eps>
(epstopdf)             \includegraphics on input line 740.
Package epstopdf Info: Output file is already uptodate.
<obr/size_distribution_SMALLD-eps-converted-to.pdf, id=162, 271.0125pt x 252.94
5pt>
File: obr/size_distribution_SMALLD-eps-converted-to.pdf Graphic file (type pdf)

<use obr/size_distribution_SMALLD-eps-converted-to.pdf>
Package pdftex.def Info: obr/size_distribution_SMALLD-eps-converted-to.pdf  use
d on input line 740.
(pdftex.def)             Requested size: 211.38832pt x 197.30402pt.
Package epstopdf Info: Source file: <obr/ae_wise.eps>
(epstopdf)                    date: 2019-01-05 21:18:41
(epstopdf)                    size: 250775 bytes
(epstopdf)             Output file: <obr/ae_wise-eps-converted-to.pdf>
(epstopdf)                    date: 2019-01-05 21:18:53
(epstopdf)                    size: 430006 bytes
(epstopdf)             Command: <repstopdf --outfile=obr/ae_wise-eps-converted-
to.pdf obr/ae_wise.eps>
(epstopdf)             \includegraphics on input line 749.
Package epstopdf Info: Output file is already uptodate.
<obr/ae_wise-eps-converted-to.pdf, id=163, 289.08pt x 189.70876pt>
File: obr/ae_wise-eps-converted-to.pdf Graphic file (type pdf)
<use obr/ae_wise-eps-converted-to.pdf>
Package pdftex.def Info: obr/ae_wise-eps-converted-to.pdf  used on input line 7
49.
(pdftex.def)             Requested size: 328.82707pt x 215.80417pt.
Package epstopdf Info: Source file: <obr/ai_wise.eps>
(epstopdf)                    date: 2019-01-05 20:41:43
(epstopdf)                    size: 247277 bytes
(epstopdf)             Output file: <obr/ai_wise-eps-converted-to.pdf>
(epstopdf)                    date: 2019-01-05 20:41:55
(epstopdf)                    size: 430657 bytes
(epstopdf)             Command: <repstopdf --outfile=obr/ai_wise-eps-converted-
to.pdf obr/ai_wise.eps>
(epstopdf)             \includegraphics on input line 750.
Package epstopdf Info: Output file is already uptodate.
<obr/ai_wise-eps-converted-to.pdf, id=164, 289.08pt x 119.44624pt>
File: obr/ai_wise-eps-converted-to.pdf Graphic file (type pdf)
<use obr/ai_wise-eps-converted-to.pdf>
Package pdftex.def Info: obr/ai_wise-eps-converted-to.pdf  used on input line 7
50.
(pdftex.def)             Requested size: 328.82707pt x 135.87668pt.
Package epstopdf Info: Source file: <obr/pV_pIR.eps>
(epstopdf)                    date: 2019-01-05 20:54:34
(epstopdf)                    size: 115584 bytes
(epstopdf)             Output file: <obr/pV_pIR-eps-converted-to.pdf>
(epstopdf)                    date: 2019-01-05 21:18:18
(epstopdf)                    size: 145323 bytes
(epstopdf)             Command: <repstopdf --outfile=obr/pV_pIR-eps-converted-t
o.pdf obr/pV_pIR.eps>
(epstopdf)             \includegraphics on input line 758.
Package epstopdf Info: Output file is already uptodate.
<obr/pV_pIR-eps-converted-to.pdf, id=165, 361.35pt x 252.945pt>
File: obr/pV_pIR-eps-converted-to.pdf Graphic file (type pdf)
<use obr/pV_pIR-eps-converted-to.pdf>
Package pdftex.def Info: obr/pV_pIR-eps-converted-to.pdf  used on input line 75
8.
(pdftex.def)             Requested size: 328.82707pt x 230.18031pt.
Package epstopdf Info: Source file: <obr/astar_iz.eps>
(epstopdf)                    date: 2019-01-06 21:26:20
(epstopdf)                    size: 25159 bytes
(epstopdf)             Output file: <obr/astar_iz-eps-converted-to.pdf>
(epstopdf)                    date: 2019-01-06 21:32:30
(epstopdf)                    size: 6251 bytes
(epstopdf)             Command: <repstopdf --outfile=obr/astar_iz-eps-converted
-to.pdf obr/astar_iz.eps>
(epstopdf)             \includegraphics on input line 764.
Package epstopdf Info: Output file is already uptodate.
<obr/astar_iz-eps-converted-to.pdf, id=166, 361.35pt x 252.945pt>
File: obr/astar_iz-eps-converted-to.pdf Graphic file (type pdf)
<use obr/astar_iz-eps-converted-to.pdf>
Package pdftex.def Info: obr/astar_iz-eps-converted-to.pdf  used on input line 
764.
(pdftex.def)             Requested size: 328.82707pt x 230.18031pt.
[29

 <./obr/Nv-eps-converted-to.pdf>] [30 <./obr/size_distribution-eps-converted-to
.pdf> <./obr/size_distribution_SMALLD-eps-converted-to.pdf>] [31 <./obr/ae_wise
-eps-converted-to.pdf> <./obr/ai_wise-eps-converted-to.pdf>] [32 <./obr/pV_pIR-
eps-converted-to.pdf> <./obr/astar_iz-eps-converted-to.pdf>]
Kapitola 4.
[33

]
Kapitola 5.
[34

] [35

] [36] [37

]
P\v {r}\'{\i }loha A.
(/opt/texlive/2018/texmf-dist/tex/latex/listings/lstlang1.sty
File: lstlang1.sty 2018/09/02 1.7 listings language file
)
LaTeX Font Info:    Try loading font information for OMS+cmr on input line 792.


(/opt/texlive/2018/texmf-dist/tex/latex/base/omscmr.fd
File: omscmr.fd 2014/09/29 v2.5h Standard LaTeX font definitions
)
LaTeX Font Info:    Font shape `OMS/cmr/m/n' in size <10> not available
(Font)              Font shape `OMS/cmsy/m/n' tried instead on input line 792.
LaTeX Font Info:    Try loading font information for OML+cmr on input line 796.


(/opt/texlive/2018/texmf-dist/tex/latex/base/omlcmr.fd
File: omlcmr.fd 2014/09/29 v2.5h Standard LaTeX font definitions
)
LaTeX Font Info:    Font shape `OML/cmr/m/n' in size <10> not available
(Font)              Font shape `OML/cmm/m/it' tried instead on input line 796.
 [38

]
P\v {r}\'{\i }loha B.
LaTeX Font Info:    Font shape `OMS/cmr/m/it' in size <10> not available
(Font)              Font shape `OMS/cmsy/m/n' tried instead on input line 817.
[39

] (./asteroidy.aux)

LaTeX Font Warning: Some font shapes were not available, defaults substituted.


LaTeX Warning: There were undefined references.

Package logreq Info: Writing requests to 'asteroidy.run.xml'.
\openout1 = `asteroidy.run.xml'.

 ) 
Here is how much of TeX's memory you used:
 14868 strings out of 494085
 244640 string characters out of 6165331
 785785 words of memory out of 5000000
 18278 multiletter control sequences out of 15000+600000
 14537 words of font info for 55 fonts, out of 8000000 for 9000
 319 hyphenation exceptions out of 8191
 42i,13n,62p,1512b,1632s stack positions out of 5000i,500n,10000p,200000b,80000s
</opt/texlive/2018/texmf-dist/fonts/type1/public/amsfonts/cm/cmbx10.pfb></opt
/texlive/2018/texmf-dist/fonts/type1/public/amsfonts/cm/cmbx12.pfb></opt/texliv
e/2018/texmf-dist/fonts/type1/public/amsfonts/cm/cmcsc10.pfb></opt/texlive/2018
/texmf-dist/fonts/type1/public/amsfonts/cm/cmex10.pfb></opt/texlive/2018/texmf-
dist/fonts/type1/public/amsfonts/cm/cmmi10.pfb></opt/texlive/2018/texmf-dist/fo
nts/type1/public/amsfonts/cm/cmmi12.pfb></opt/texlive/2018/texmf-dist/fonts/typ
e1/public/amsfonts/cm/cmmi7.pfb></opt/texlive/2018/texmf-dist/fonts/type1/publi
c/amsfonts/cm/cmmi8.pfb></opt/texlive/2018/texmf-dist/fonts/type1/public/amsfon
ts/cm/cmr10.pfb></opt/texlive/2018/texmf-dist/fonts/type1/public/amsfonts/cm/cm
r12.pfb></opt/texlive/2018/texmf-dist/fonts/type1/public/amsfonts/cm/cmr6.pfb><
/opt/texlive/2018/texmf-dist/fonts/type1/public/amsfonts/cm/cmr7.pfb></opt/texl
ive/2018/texmf-dist/fonts/type1/public/amsfonts/cm/cmr8.pfb></opt/texlive/2018/
texmf-dist/fonts/type1/public/amsfonts/cm/cmsl12.pfb></opt/texlive/2018/texmf-d
ist/fonts/type1/public/amsfonts/cm/cmsy10.pfb></opt/texlive/2018/texmf-dist/fon
ts/type1/public/amsfonts/cm/cmsy8.pfb></opt/texlive/2018/texmf-dist/fonts/type1
/public/amsfonts/cm/cmti10.pfb></opt/texlive/2018/texmf-dist/fonts/type1/public
/amsfonts/cm/cmti12.pfb></opt/texlive/2018/texmf-dist/fonts/type1/public/amsfon
ts/cm/cmtt12.pfb>
Output written on asteroidy.pdf (39 pages, 2273741 bytes).
PDF statistics:
 333 PDF objects out of 1000 (max. 8388607)
 222 compressed objects within 3 object streams
 0 named destinations out of 1000 (max. 500000)
 106 words of extra memory for PDF output out of 10000 (max. 10000000)

