This is pdfTeX, Version 3.14159265-2.6-1.40.20 (TeX Live 2019) (preloaded format=pdflatex 2019.6.23)  30 JUN 2019 15:44
entering extended mode
 \write18 enabled.
 %&-line parsing enabled.
**/home/adam/soc/asteroidy_tex/ceske_hlavicky/synopse/synopse.tex
(/home/adam/soc/asteroidy_tex/ceske_hlavicky/synopse/synopse.tex
LaTeX2e <2018-12-01>
(/opt/texlive/2019/texmf-dist/tex/latex/base/article.cls
Document Class: article 2018/09/03 v1.4i Standard LaTeX document class
(/opt/texlive/2019/texmf-dist/tex/latex/base/size12.clo
File: size12.clo 2018/09/03 v1.4i Standard LaTeX file (size option)
)
\c@part=\count80
\c@section=\count81
\c@subsection=\count82
\c@subsubsection=\count83
\c@paragraph=\count84
\c@subparagraph=\count85
\c@figure=\count86
\c@table=\count87
\abovecaptionskip=\skip41
\belowcaptionskip=\skip42
\bibindent=\dimen102
)
(/opt/texlive/2019/texmf-dist/tex/latex/geometry/geometry.sty
Package: geometry 2018/04/16 v5.8 Page Geometry

(/opt/texlive/2019/texmf-dist/tex/latex/graphics/keyval.sty
Package: keyval 2014/10/28 v1.15 key=value parser (DPC)
\KV@toks@=\toks14
)
(/opt/texlive/2019/texmf-dist/tex/generic/oberdiek/ifpdf.sty
Package: ifpdf 2018/09/07 v3.3 Provides the ifpdf switch
)
(/opt/texlive/2019/texmf-dist/tex/generic/oberdiek/ifvtex.sty
Package: ifvtex 2016/05/16 v1.6 Detect VTeX and its facilities (HO)
Package ifvtex Info: VTeX not detected.
)
(/opt/texlive/2019/texmf-dist/tex/generic/ifxetex/ifxetex.sty
Package: ifxetex 2010/09/12 v0.6 Provides ifxetex conditional
)
\Gm@cnth=\count88
\Gm@cntv=\count89
\c@Gm@tempcnt=\count90
\Gm@bindingoffset=\dimen103
\Gm@wd@mp=\dimen104
\Gm@odd@mp=\dimen105
\Gm@even@mp=\dimen106
\Gm@layoutwidth=\dimen107
\Gm@layoutheight=\dimen108
\Gm@layouthoffset=\dimen109
\Gm@layoutvoffset=\dimen110
\Gm@dimlist=\toks15
)
(/home/adam/.texmf/tex/socstyle.sty
Package: socstyle 2018/01/08 Style for SO\unhbox \voidb@x \bgroup \let \unhbox 
\voidb@x \setbox \@tempboxa \hbox {C\global \mathchardef \accent@spacefactor \s
pacefactor }\accent 20 C\egroup \spacefactor \accent@spacefactor  thesis

(/opt/texlive/2019/texmf-dist/tex/generic/babel/babel.sty
Package: babel 2019/06/03 3.32 The Babel package

(/opt/texlive/2019/texmf-dist/tex/generic/babel/switch.def
File: switch.def 2019/06/03 3.32 Babel switching mechanism
)
(/opt/texlive/2019/texmf-dist/tex/generic/babel-czech/czech.ldf
Language: czech 2008/07/06 v3.1a Czech support from the babel system

(/opt/texlive/2019/texmf-dist/tex/generic/babel/babel.def
File: babel.def 2019/06/03 3.32 Babel common definitions
\babel@savecnt=\count91
\U@D=\dimen111

(/opt/texlive/2019/texmf-dist/tex/generic/babel/txtbabel.def)
\bbl@dirlevel=\count92
)
Package babel Info: Making " an active character on input line 172.
\cs@wordlen=\count93
Package babel Info: Making - an active character on input line 226.
))
(/opt/texlive/2019/texmf-dist/tex/latex/base/inputenc.sty
Package: inputenc 2018/08/11 v1.3c Input encoding file
\inpenc@prehook=\toks16
\inpenc@posthook=\toks17
)
(/opt/texlive/2019/texmf-dist/tex/latex/csquotes/csquotes.sty
Package: csquotes 2019/05/10 v5.2e context-sensitive quotations (JAW)

(/opt/texlive/2019/texmf-dist/tex/latex/etoolbox/etoolbox.sty
Package: etoolbox 2018/08/19 v2.5f e-TeX tools for LaTeX (JAW)
\etb@tempcnta=\count94
)
\csq@reset=\count95
\csq@gtype=\count96
\csq@glevel=\count97
\csq@qlevel=\count98
\csq@maxlvl=\count99
\csq@tshold=\count100
\csq@ltx@everypar=\toks18

(/opt/texlive/2019/texmf-dist/tex/latex/csquotes/csquotes.def
File: csquotes.def 2019/05/10 v5.2e csquotes generic definitions (JAW)
)
Package csquotes Info: Trying to load configuration file 'csquotes.cfg'...
Package csquotes Info: ... configuration file loaded successfully.

(/opt/texlive/2019/texmf-dist/tex/latex/csquotes/csquotes.cfg
File: csquotes.cfg 
))
(/opt/texlive/2019/texmf-dist/tex/latex/graphics/graphicx.sty
Package: graphicx 2017/06/01 v1.1a Enhanced LaTeX Graphics (DPC,SPQR)

(/opt/texlive/2019/texmf-dist/tex/latex/graphics/graphics.sty
Package: graphics 2017/06/25 v1.2c Standard LaTeX Graphics (DPC,SPQR)

(/opt/texlive/2019/texmf-dist/tex/latex/graphics/trig.sty
Package: trig 2016/01/03 v1.10 sin cos tan (DPC)
)
(/opt/texlive/2019/texmf-dist/tex/latex/graphics-cfg/graphics.cfg
File: graphics.cfg 2016/06/04 v1.11 sample graphics configuration
)
Package graphics Info: Driver file: pdftex.def on input line 99.

(/opt/texlive/2019/texmf-dist/tex/latex/graphics-def/pdftex.def
File: pdftex.def 2018/01/08 v1.0l Graphics/color driver for pdftex
))
\Gin@req@height=\dimen112
\Gin@req@width=\dimen113
)
(/opt/texlive/2019/texmf-dist/tex/latex/oberdiek/epstopdf.sty
Package: epstopdf 2016/05/15 v2.6 Conversion with epstopdf on the fly (HO)

(/opt/texlive/2019/texmf-dist/tex/latex/oberdiek/epstopdf-base.sty
Package: epstopdf-base 2016/05/15 v2.6 Base part for package epstopdf

(/opt/texlive/2019/texmf-dist/tex/generic/oberdiek/infwarerr.sty
Package: infwarerr 2016/05/16 v1.4 Providing info/warning/error messages (HO)
)
(/opt/texlive/2019/texmf-dist/tex/latex/oberdiek/grfext.sty
Package: grfext 2016/05/16 v1.2 Manage graphics extensions (HO)

(/opt/texlive/2019/texmf-dist/tex/generic/oberdiek/kvdefinekeys.sty
Package: kvdefinekeys 2016/05/16 v1.4 Define keys (HO)

(/opt/texlive/2019/texmf-dist/tex/generic/oberdiek/ltxcmds.sty
Package: ltxcmds 2016/05/16 v1.23 LaTeX kernel commands for general use (HO)
)))
(/opt/texlive/2019/texmf-dist/tex/latex/oberdiek/kvoptions.sty
Package: kvoptions 2016/05/16 v3.12 Key value format for package options (HO)

(/opt/texlive/2019/texmf-dist/tex/generic/oberdiek/kvsetkeys.sty
Package: kvsetkeys 2016/05/16 v1.17 Key value parser (HO)

(/opt/texlive/2019/texmf-dist/tex/generic/oberdiek/etexcmds.sty
Package: etexcmds 2016/05/16 v1.6 Avoid name clashes with e-TeX commands (HO)

(/opt/texlive/2019/texmf-dist/tex/generic/oberdiek/ifluatex.sty
Package: ifluatex 2016/05/16 v1.4 Provides the ifluatex switch (HO)
Package ifluatex Info: LuaTeX not detected.
))))
(/opt/texlive/2019/texmf-dist/tex/generic/oberdiek/pdftexcmds.sty
Package: pdftexcmds 2018/09/10 v0.29 Utility functions of pdfTeX for LuaTeX (HO
)
Package pdftexcmds Info: LuaTeX not detected.
Package pdftexcmds Info: \pdf@primitive is available.
Package pdftexcmds Info: \pdf@ifprimitive is available.
Package pdftexcmds Info: \pdfdraftmode found.
)
Package epstopdf-base Info: Redefining graphics rule for `.eps' on input line 4
38.
Package grfext Info: Graphics extension search list:
(grfext)             [.pdf,.png,.jpg,.mps,.jpeg,.jbig2,.jb2,.PDF,.PNG,.JPG,.JPE
G,.JBIG2,.JB2,.eps]
(grfext)             \AppendGraphicsExtensions on input line 456.

(/opt/texlive/2019/texmf-dist/tex/latex/latexconfig/epstopdf-sys.cfg
File: epstopdf-sys.cfg 2010/07/13 v1.3 Configuration of (r)epstopdf for TeX Liv
e
)))
(/opt/texlive/2019/texmf-dist/tex/latex/setspace/setspace.sty
Package: setspace 2011/12/19 v6.7a set line spacing
)
(/opt/texlive/2019/texmf-dist/tex/latex/anyfontsize/anyfontsize.sty
Package: anyfontsize 2007/11/22 anyfontsize.sty by pts
)
(/opt/texlive/2019/texmf-dist/tex/latex/tools/tabularx.sty
Package: tabularx 2016/02/03 v2.11b `tabularx' package (DPC)

(/opt/texlive/2019/texmf-dist/tex/latex/tools/array.sty
Package: array 2018/12/30 v2.4k Tabular extension package (FMi)
\col@sep=\dimen114
\ar@mcellbox=\box27
\extrarowheight=\dimen115
\NC@list=\toks19
\extratabsurround=\skip43
\backup@length=\skip44
\ar@cellbox=\box28
)
\TX@col@width=\dimen116
\TX@old@table=\dimen117
\TX@old@col=\dimen118
\TX@target=\dimen119
\TX@delta=\dimen120
\TX@cols=\count101
\TX@ftn=\toks20
)
(/opt/texlive/2019/texmf-dist/tex/latex/enumitem/enumitem.sty
Package: enumitem 2019/06/20 v3.9 Customized lists
\labelindent=\skip45
\enit@outerparindent=\dimen121
\enit@toks=\toks21
\enit@inbox=\box29
\enit@count@id=\count102
\enitdp@description=\count103
)
(/opt/texlive/2019/texmf-dist/tex/latex/amsmath/amsmath.sty
Package: amsmath 2018/12/01 v2.17b AMS math features
\@mathmargin=\skip46

For additional information on amsmath, use the `?' option.
(/opt/texlive/2019/texmf-dist/tex/latex/amsmath/amstext.sty
Package: amstext 2000/06/29 v2.01 AMS text

(/opt/texlive/2019/texmf-dist/tex/latex/amsmath/amsgen.sty
File: amsgen.sty 1999/11/30 v2.0 generic functions
\@emptytoks=\toks22
\ex@=\dimen122
))
(/opt/texlive/2019/texmf-dist/tex/latex/amsmath/amsbsy.sty
Package: amsbsy 1999/11/29 v1.2d Bold Symbols
\pmbraise@=\dimen123
)
(/opt/texlive/2019/texmf-dist/tex/latex/amsmath/amsopn.sty
Package: amsopn 2016/03/08 v2.02 operator names
)
\inf@bad=\count104
LaTeX Info: Redefining \frac on input line 223.
\uproot@=\count105
\leftroot@=\count106
LaTeX Info: Redefining \overline on input line 385.
\classnum@=\count107
\DOTSCASE@=\count108
LaTeX Info: Redefining \ldots on input line 482.
LaTeX Info: Redefining \dots on input line 485.
LaTeX Info: Redefining \cdots on input line 606.
\Mathstrutbox@=\box30
\strutbox@=\box31
\big@size=\dimen124
LaTeX Font Info:    Redeclaring font encoding OML on input line 729.
LaTeX Font Info:    Redeclaring font encoding OMS on input line 730.
\macc@depth=\count109
\c@MaxMatrixCols=\count110
\dotsspace@=\muskip10
\c@parentequation=\count111
\dspbrk@lvl=\count112
\tag@help=\toks23
\row@=\count113
\column@=\count114
\maxfields@=\count115
\andhelp@=\toks24
\eqnshift@=\dimen125
\alignsep@=\dimen126
\tagshift@=\dimen127
\tagwidth@=\dimen128
\totwidth@=\dimen129
\lineht@=\dimen130
\@envbody=\toks25
\multlinegap=\skip47
\multlinetaggap=\skip48
\mathdisplay@stack=\toks26
LaTeX Info: Redefining \[ on input line 2844.
LaTeX Info: Redefining \] on input line 2845.
)
(/opt/texlive/2019/texmf-dist/tex/latex/amsfonts/amssymb.sty
Package: amssymb 2013/01/14 v3.01 AMS font symbols

(/opt/texlive/2019/texmf-dist/tex/latex/amsfonts/amsfonts.sty
Package: amsfonts 2013/01/14 v3.01 Basic AMSFonts support
\symAMSa=\mathgroup4
\symAMSb=\mathgroup5
LaTeX Font Info:    Overwriting math alphabet `\mathfrak' in version `bold'
(Font)                  U/euf/m/n --> U/euf/b/n on input line 106.
))
(/opt/texlive/2019/texmf-dist/tex/latex/amscls/amsthm.sty
Package: amsthm 2017/10/31 v2.20.4
\thm@style=\toks27
\thm@bodyfont=\toks28
\thm@headfont=\toks29
\thm@notefont=\toks30
\thm@headpunct=\toks31
\thm@preskip=\skip49
\thm@postskip=\skip50
\thm@headsep=\skip51
\dth@everypar=\toks32
)
(/opt/texlive/2019/texmf-dist/tex/latex/esdiff/esdiff.sty
Package: esdiff 
)
(/opt/texlive/2019/texmf-dist/tex/latex/was/icomma.sty
Package: icomma 2002/03/10 v2.0 (WaS)
)
(/opt/texlive/2019/texmf-dist/tex/latex/caption/subcaption.sty
Package: subcaption 2018/05/01 v1.1-162 Sub-captions (AR)

(/opt/texlive/2019/texmf-dist/tex/latex/caption/caption.sty
Package: caption 2018/10/06 v3.3-154 Customizing captions (AR)

(/opt/texlive/2019/texmf-dist/tex/latex/caption/caption3.sty
Package: caption3 2018/09/12 v1.8c caption3 kernel (AR)
Package caption3 Info: TeX engine: e-TeX on input line 64.
\captionmargin=\dimen131
\captionmargin@=\dimen132
\captionwidth=\dimen133
\caption@tempdima=\dimen134
\caption@indent=\dimen135
\caption@parindent=\dimen136
\caption@hangindent=\dimen137
)
\c@caption@flags=\count116
\c@ContinuedFloat=\count117
)
\c@subfigure=\count118
\c@subtable=\count119
)
(/opt/texlive/2019/texmf-dist/tex/latex/asymptote/asymptote.sty
Package: asymptote 2016/11/26 v1.33 Asymptote style file for LaTeX
 (./synopse.pre)
\ASYbox=\box32
\ASYdimen=\dimen138
\c@asy=\count120
\AsyStream=\write3
\AsyPreStream=\write4
(/opt/texlive/2019/texmf-dist/tex/latex/base/ifthen.sty
Package: ifthen 2014/09/29 v1.1c Standard LaTeX ifthen package (DPC)
)
(/opt/texlive/2019/texmf-dist/tex/latex/graphics/color.sty
Package: color 2016/07/10 v1.1e Standard LaTeX Color (DPC)

(/opt/texlive/2019/texmf-dist/tex/latex/graphics-cfg/color.cfg
File: color.cfg 2016/01/02 v1.6 sample color configuration
)
Package color Info: Driver file: pdftex.def on input line 147.
)
(/opt/texlive/2019/texmf-dist/tex/generic/oberdiek/catchfile.sty
Package: catchfile 2016/05/16 v1.7 Catch the contents of a file (HO)
)
\openout4 = `synopse.pre'.

)
(/opt/texlive/2019/texmf-dist/tex/latex/listings/listings.sty
\lst@mode=\count121
\lst@gtempboxa=\box33
\lst@token=\toks33
\lst@length=\count122
\lst@currlwidth=\dimen139
\lst@column=\count123
\lst@pos=\count124
\lst@lostspace=\dimen140
\lst@width=\dimen141
\lst@newlines=\count125
\lst@lineno=\count126
\lst@maxwidth=\dimen142

(/opt/texlive/2019/texmf-dist/tex/latex/listings/lstmisc.sty
File: lstmisc.sty 2019/02/27 1.8b (Carsten Heinz)
\c@lstnumber=\count127
\lst@skipnumbers=\count128
\lst@framebox=\box34
)
(/opt/texlive/2019/texmf-dist/tex/latex/listings/listings.cfg
File: listings.cfg 2019/02/27 1.8b listings configuration
))
Package: listings 2019/02/27 1.8b (Carsten Heinz)

(/opt/texlive/2019/texmf-dist/tex/latex/biblatex/biblatex.sty
Package: biblatex 2018/11/02 v3.12 programmable bibliographies (PK/MW)

(/opt/texlive/2019/texmf-dist/tex/latex/logreq/logreq.sty
Package: logreq 2010/08/04 v1.0 xml request logger
\lrq@indent=\count129

(/opt/texlive/2019/texmf-dist/tex/latex/logreq/logreq.def
File: logreq.def 2010/08/04 v1.0 logreq spec v1.0
))
(/opt/texlive/2019/texmf-dist/tex/latex/url/url.sty
\Urlmuskip=\muskip11
Package: url 2013/09/16  ver 3.4  Verb mode for urls, etc.
)
\c@tabx@nest=\count130
\c@listtotal=\count131
\c@listcount=\count132
\c@liststart=\count133
\c@liststop=\count134
\c@citecount=\count135
\c@citetotal=\count136
\c@multicitecount=\count137
\c@multicitetotal=\count138
\c@instcount=\count139
\c@maxnames=\count140
\c@minnames=\count141
\c@maxitems=\count142
\c@minitems=\count143
\c@citecounter=\count144
\c@maxcitecounter=\count145
\c@savedcitecounter=\count146
\c@uniquelist=\count147
\c@uniquename=\count148
\c@refsection=\count149
\c@refsegment=\count150
\c@maxextratitle=\count151
\c@maxextratitleyear=\count152
\c@maxextraname=\count153
\c@maxextradate=\count154
\c@maxextraalpha=\count155
\c@abbrvpenalty=\count156
\c@highnamepenalty=\count157
\c@lownamepenalty=\count158
\c@maxparens=\count159
\c@parenlevel=\count160
\blx@tempcnta=\count161
\blx@tempcntb=\count162
\blx@tempcntc=\count163
\blx@maxsection=\count164
\blx@maxsegment@0=\count165
\blx@notetype=\count166
\blx@parenlevel@text=\count167
\blx@parenlevel@foot=\count168
\blx@sectionciteorder@0=\count169
\blx@entrysetcounter=\count170
\labelnumberwidth=\skip52
\labelalphawidth=\skip53
\biblabelsep=\skip54
\bibitemsep=\skip55
\bibnamesep=\skip56
\bibinitsep=\skip57
\bibparsep=\skip58
\bibhang=\skip59
\blx@bcfin=\read1
\blx@bcfout=\write5
\c@mincomprange=\count171
\c@maxcomprange=\count172
\c@mincompwidth=\count173
Package biblatex Info: Trying to load biblatex default data model...
Package biblatex Info: ... file 'blx-dm.def' found.

(/opt/texlive/2019/texmf-dist/tex/latex/biblatex/blx-dm.def
File: blx-dm.def 2018/11/02 v3.12 biblatex localization (PK/MW)
)
Package biblatex Info: Trying to load biblatex custom data model...
Package biblatex Info: ... file 'biblatex-dm.cfg' not found.
\c@afterword=\count174
\c@savedafterword=\count175
\c@annotator=\count176
\c@savedannotator=\count177
\c@author=\count178
\c@savedauthor=\count179
\c@bookauthor=\count180
\c@savedbookauthor=\count181
\c@commentator=\count182
\c@savedcommentator=\count183
\c@editor=\count184
\c@savededitor=\count185
\c@editora=\count186
\c@savededitora=\count187
\c@editorb=\count188
\c@savededitorb=\count189
\c@editorc=\count190
\c@savededitorc=\count191
\c@foreword=\count192
\c@savedforeword=\count193
\c@holder=\count194
\c@savedholder=\count195
\c@introduction=\count196
\c@savedintroduction=\count197
\c@namea=\count198
\c@savednamea=\count199
\c@nameb=\count266
\c@savednameb=\count267
\c@namec=\count268
\c@savednamec=\count269
\c@translator=\count270
\c@savedtranslator=\count271
\c@shortauthor=\count272
\c@savedshortauthor=\count273
\c@shorteditor=\count274
\c@savedshorteditor=\count275
\c@labelname=\count276
\c@savedlabelname=\count277
\c@institution=\count278
\c@savedinstitution=\count279
\c@lista=\count280
\c@savedlista=\count281
\c@listb=\count282
\c@savedlistb=\count283
\c@listc=\count284
\c@savedlistc=\count285
\c@listd=\count286
\c@savedlistd=\count287
\c@liste=\count288
\c@savedliste=\count289
\c@listf=\count290
\c@savedlistf=\count291
\c@location=\count292
\c@savedlocation=\count293
\c@organization=\count294
\c@savedorganization=\count295
\c@origlocation=\count296
\c@savedoriglocation=\count297
\c@origpublisher=\count298
\c@savedorigpublisher=\count299
\c@publisher=\count300
\c@savedpublisher=\count301
\c@language=\count302
\c@savedlanguage=\count303
\c@origlanguage=\count304
\c@savedoriglanguage=\count305
\c@pageref=\count306
\c@savedpageref=\count307
\shorthandwidth=\skip60
\shortjournalwidth=\skip61
\shortserieswidth=\skip62
\shorttitlewidth=\skip63
\shortauthorwidth=\skip64
\shorteditorwidth=\skip65
\locallabelnumberwidth=\skip66
\locallabelalphawidth=\skip67
\localshorthandwidth=\skip68
\localshortjournalwidth=\skip69
\localshortserieswidth=\skip70
\localshorttitlewidth=\skip71
\localshortauthorwidth=\skip72
\localshorteditorwidth=\skip73
Package biblatex Info: Trying to load compatibility code...
Package biblatex Info: ... file 'blx-compat.def' found.

(/opt/texlive/2019/texmf-dist/tex/latex/biblatex/blx-compat.def
File: blx-compat.def 2018/11/02 v3.12 biblatex compatibility (PK/MW)
)
Package biblatex Info: Trying to load generic definitions...
Package biblatex Info: ... file 'biblatex.def' found.

(/opt/texlive/2019/texmf-dist/tex/latex/biblatex/biblatex.def
File: biblatex.def 2018/11/02 v3.12 biblatex compatibility (PK/MW)
\c@textcitecount=\count308
\c@textcitetotal=\count309
\c@textcitemaxnames=\count310
\c@biburlnumpenalty=\count311
\c@biburlucpenalty=\count312
\c@biburllcpenalty=\count313
\c@smartand=\count314
)
Package biblatex Info: Trying to load bibliography style 'numeric'...
Package biblatex Info: ... file 'numeric.bbx' found.

(/opt/texlive/2019/texmf-dist/tex/latex/biblatex/bbx/numeric.bbx
File: numeric.bbx 2018/11/02 v3.12 biblatex bibliography style (PK/MW)
Package biblatex Info: Trying to load bibliography style 'standard'...
Package biblatex Info: ... file 'standard.bbx' found.

(/opt/texlive/2019/texmf-dist/tex/latex/biblatex/bbx/standard.bbx
File: standard.bbx 2018/11/02 v3.12 biblatex bibliography style (PK/MW)
\c@bbx:relatedcount=\count315
\c@bbx:relatedtotal=\count316
))
Package biblatex Info: Trying to load citation style 'numeric'...
Package biblatex Info: ... file 'numeric.cbx' found.

(/opt/texlive/2019/texmf-dist/tex/latex/biblatex/cbx/numeric.cbx
File: numeric.cbx 2018/11/02 v3.12 biblatex citation style (PK/MW)
Package biblatex Info: Redefining '\cite'.
Package biblatex Info: Redefining '\parencite'.
Package biblatex Info: Redefining '\footcite'.
Package biblatex Info: Redefining '\footcitetext'.
Package biblatex Info: Redefining '\smartcite'.
Package biblatex Info: Redefining '\supercite'.
Package biblatex Info: Redefining '\textcite'.
Package biblatex Info: Redefining '\textcites'.
Package biblatex Info: Redefining '\cites'.
Package biblatex Info: Redefining '\parencites'.
Package biblatex Info: Redefining '\smartcites'.
)
Package biblatex Info: Trying to load configuration file...
Package biblatex Info: ... file 'biblatex.cfg' found.

(/opt/texlive/2019/texmf-dist/tex/latex/biblatex/biblatex.cfg
File: biblatex.cfg 
))
(/home/adam/.texmf/tex/aas_macros.sty)
(/opt/texlive/2019/texmf-dist/tex/latex/appendix/appendix.sty
Package: appendix 2009/09/02 v1.2b extra appendix facilities
\c@@pps=\count317
\c@@ppsavesec=\count318
\c@@ppsaveapp=\count319
)
(/opt/texlive/2019/texmf-dist/tex/latex/chngcntr/chngcntr.sty
Package: chngcntr 2018/04/09 v1.1a change counter resetting
Package chngcntr Info: \counterwithout already defined.
(chngcntr)             Quitting chngcntr on input line 21.
)

! LaTeX Error: No counter 'chapter' defined.

See the LaTeX manual or LaTeX Companion for explanation.
Type  H <return>  for immediate help.
 ...                                              
                                                  
l.80 \counterwithout{equation}{chapter}
                                       
? 

! LaTeX Error: No counter 'chapter' defined.

See the LaTeX manual or LaTeX Companion for explanation.
Type  H <return>  for immediate help.
 ...                                              
                                                  
l.83 \counterwithout*{footnote}{chapter}
                                        
? 
) (/opt/texlive/2019/texmf-dist/tex/latex/pdfpages/pdfpages.sty
Package: pdfpages 2017/10/31 v0.5l Insert pages of external PDF documents (AM)

(/opt/texlive/2019/texmf-dist/tex/latex/tools/calc.sty
Package: calc 2017/05/25 v4.3 Infix arithmetic (KKT,FJ)
\calc@Acount=\count320
\calc@Bcount=\count321
\calc@Adimen=\dimen143
\calc@Bdimen=\dimen144
\calc@Askip=\skip74
\calc@Bskip=\skip75
LaTeX Info: Redefining \setlength on input line 80.
LaTeX Info: Redefining \addtolength on input line 81.
\calc@Ccount=\count322
\calc@Cskip=\skip76
)
(/opt/texlive/2019/texmf-dist/tex/latex/eso-pic/eso-pic.sty
Package: eso-pic 2018/04/12 v2.0h eso-pic (RN)

(/opt/texlive/2019/texmf-dist/tex/generic/oberdiek/atbegshi.sty
Package: atbegshi 2016/06/09 v1.18 At begin shipout hook (HO)
))
\AM@pagewidth=\dimen145
\AM@pageheight=\dimen146

(/opt/texlive/2019/texmf-dist/tex/latex/pdfpages/pppdftex.def
File: pppdftex.def 2017/10/31 v0.5l Pdfpages driver for pdfTeX (AM)
)
\AM@pagebox=\box35
\AM@global@opts=\toks34
\AM@toc@title=\toks35
\c@AM@survey=\count323
\AM@templatesizebox=\box36
)
Package csquotes Info: Checking for multilingual support...
Package csquotes Info: ... found 'babel' package.
Package csquotes Info: Adjusting default style.
Package csquotes Info: Redefining alias 'default' -> 'czech'.
Package biblatex Info: Trying to load language 'czech'...
Package biblatex Info: ... file 'czech.lbx' found.

(/opt/texlive/2019/texmf-dist/tex/latex/biblatex/lbx/czech.lbx
File: czech.lbx 2018/11/02 v3.12 biblatex localization (PK/MW)
) (./synopse.aux

LaTeX Warning: Label `fig:ae_chi2' multiply defined.

)
\openout1 = `synopse.aux'.

LaTeX Font Info:    Checking defaults for OML/cmm/m/it on input line 11.
LaTeX Font Info:    ... okay on input line 11.
LaTeX Font Info:    Checking defaults for T1/cmr/m/n on input line 11.
LaTeX Font Info:    ... okay on input line 11.
LaTeX Font Info:    Checking defaults for OT1/cmr/m/n on input line 11.
LaTeX Font Info:    ... okay on input line 11.
LaTeX Font Info:    Checking defaults for OMS/cmsy/m/n on input line 11.
LaTeX Font Info:    ... okay on input line 11.
LaTeX Font Info:    Checking defaults for OMX/cmex/m/n on input line 11.
LaTeX Font Info:    ... okay on input line 11.
LaTeX Font Info:    Checking defaults for U/cmr/m/n on input line 11.
LaTeX Font Info:    ... okay on input line 11.

*geometry* driver: auto-detecting
*geometry* detected driver: pdftex
*geometry* verbose mode - [ preamble ] result:
* driver: pdftex
* paper: a4paper
* layout: <same size as paper>
* layoutoffset:(h,v)=(0.0pt,0.0pt)
* modes: 
* h-part:(L,W,R)=(72.26999pt, 452.9679pt, 72.26999pt)
* v-part:(T,H,B)=(72.26999pt, 700.50687pt, 72.26999pt)
* \paperwidth=597.50787pt
* \paperheight=845.04684pt
* \textwidth=452.9679pt
* \textheight=700.50687pt
* \oddsidemargin=0.0pt
* \evensidemargin=0.0pt
* \topmargin=-37.0pt
* \headheight=12.0pt
* \headsep=25.0pt
* \topskip=12.0pt
* \footskip=30.0pt
* \marginparwidth=35.0pt
* \marginparsep=10.0pt
* \columnsep=10.0pt
* \skip\footins=10.8pt plus 4.0pt minus 2.0pt
* \hoffset=0.0pt
* \voffset=0.0pt
* \mag=1000
* \@twocolumnfalse
* \@twosidefalse
* \@mparswitchfalse
* \@reversemarginfalse
* (1in=72.27pt=25.4mm, 1cm=28.453pt)

(/opt/texlive/2019/texmf-dist/tex/context/base/mkii/supp-pdf.mkii
[Loading MPS to PDF converter (version 2006.09.02).]
\scratchcounter=\count324
\scratchdimen=\dimen147
\scratchbox=\box37
\nofMPsegments=\count325
\nofMParguments=\count326
\everyMPshowfont=\toks36
\MPscratchCnt=\count327
\MPscratchDim=\dimen148
\MPnumerator=\count328
\makeMPintoPDFobject=\count329
\everyMPtoPDFconversion=\toks37
)
Package caption Info: Begin \AtBeginDocument code.
Package caption Info: listings package is loaded.
Package caption Info: End \AtBeginDocument code.
\c@lstlisting=\count330
Package biblatex Info: Input encoding 'utf8' detected.
Package biblatex Info: Automatic encoding selection.
(biblatex)             Assuming data encoding 'utf8'.
\openout5 = `synopse.bcf'.

Package biblatex Info: Trying to load bibliographic data...
Package biblatex Info: ... file 'synopse.bbl' found.
 (./synopse.bbl)
Package biblatex Info: Reference section=0 on input line 11.
Package biblatex Info: Reference segment=0 on input line 11.
\AtBeginShipoutBox=\box38

(/opt/texlive/2019/texmf-dist/tex/latex/oberdiek/pdflscape.sty
Package: pdflscape 2016/05/14 v0.11 Display of landscape pages in PDF (HO)

(/opt/texlive/2019/texmf-dist/tex/latex/graphics/lscape.sty
Package: lscape 2000/10/22 v3.01 Landscape Pages (DPC)
)
Package pdflscape Info: Auto-detected driver: pdftex on input line 81.
) (./synopse.toc
LaTeX Font Info:    Try loading font information for U+msa on input line 8.

(/opt/texlive/2019/texmf-dist/tex/latex/amsfonts/umsa.fd
File: umsa.fd 2013/01/14 v3.01 AMS symbols A
)
LaTeX Font Info:    Try loading font information for U+msb on input line 8.

(/opt/texlive/2019/texmf-dist/tex/latex/amsfonts/umsb.fd
File: umsb.fd 2013/01/14 v3.01 AMS symbols B
))
\tf@toc=\write6
\openout6 = `synopse.toc'.

 [1

{/opt/texlive/2019/texmf-var/fonts/map/pdftex/updmap/pdftex.map}]
Overfull \hbox (0.25595pt too wide) in paragraph at lines 31--32
\OT1/cmr/m/n/12 vznikl^^Se roz-pa-dem stejn^^Seho mate^^Trsk^^Seho t^^Telesa, z
p^^Wusoben^^Sym sr^^Sa^^Tzkou s jin^^Sym t^^Telesem. V na^^Ts^^S^^P
 []

[2]
<../../obr/vesta.jpg, id=13, 1058.95625pt x 1027.84pt>
File: ../../obr/vesta.jpg Graphic file (type jpg)
<use ../../obr/vesta.jpg>
Package pdftex.def Info: ../../obr/vesta.jpg  used on input line 38.
(pdftex.def)             Requested size: 271.7835pt x 263.7974pt.
<../../obr/mainbelt.png, id=14, 1205.50375pt x 904.37875pt>
File: ../../obr/mainbelt.png Graphic file (type png)
<use ../../obr/mainbelt.png>
Package pdftex.def Info: ../../obr/mainbelt.png  used on input line 44.
(pdftex.def)             Requested size: 362.37569pt x 271.85391pt.
 [3 <../../obr/vesta.jpg> <../../obr/mainbelt.png>]
! Too many }'s.
l.55 \end{align*}}
                  
? 
<../../asy/asteroidy-3.pdf, id=23, 227.62239pt x 199.23233pt>
File: ../../asy/asteroidy-3.pdf Graphic file (type pdf)
<use ../../asy/asteroidy-3.pdf>
Package pdftex.def Info: ../../asy/asteroidy-3.pdf  used on input line 60.
(pdftex.def)             Requested size: 203.83417pt x 178.41974pt.
<../../asy/asteroidy-4.pdf, id=24, 227.62239pt x 213.39122pt>
File: ../../asy/asteroidy-4.pdf Graphic file (type pdf)
<use ../../asy/asteroidy-4.pdf>
Package pdftex.def Info: ../../asy/asteroidy-4.pdf  used on input line 64.
(pdftex.def)             Requested size: 203.83417pt x 191.09953pt.
LaTeX Font Info:    Try loading font information for OMS+cmr on input line 76.
(/opt/texlive/2019/texmf-dist/tex/latex/base/omscmr.fd
File: omscmr.fd 2014/09/29 v2.5h Standard LaTeX font definitions
)
LaTeX Font Info:    Font shape `OMS/cmr/m/n' in size <12> not available
(Font)              Font shape `OMS/cmsy/m/n' tried instead on input line 76.
 [4 <../../asy/asteroidy-3.pdf> <../../asy/asteroidy-4.pdf>]
Overfull \hbox (14.19339pt too wide) in paragraph at lines 91--92
[]\OT1/cmr/m/n/12 Elementy dr^^Sahy se v pr^^Wub^^Tehu ^^Tcasu m^^Ten^^S^^P p^^
Wusoben^^S^^Pm per-tu-r-bac^^S^^P (nap^^Tr. gra-vita^^Tcn^^S^^Pm p^^Wusoben^^S^
^Pm
 []

Package epstopdf Info: Source file: <../../obr/atOF.eps>
(epstopdf)                    date: 2019-01-08 18:59:03
(epstopdf)                    size: 87902 bytes
(epstopdf)             Output file: <../../obr/atOF-eps-converted-to.pdf>
(epstopdf)                    date: 2019-02-18 08:58:45
(epstopdf)                    size: 53791 bytes
(epstopdf)             Command: <epstopdf --outfile=../../obr/atOF-eps-converte
d-to.pdf ../../obr/atOF.eps>
(epstopdf)             \includegraphics on input line 95.
Package epstopdf Info: Output file is already uptodate.
<../../obr/atOF-eps-converted-to.pdf, id=56, 361.35pt x 252.945pt>
File: ../../obr/atOF-eps-converted-to.pdf Graphic file (type pdf)
<use ../../obr/atOF-eps-converted-to.pdf>
Package pdftex.def Info: ../../obr/atOF-eps-converted-to.pdf  used on input lin
e 95.
(pdftex.def)             Requested size: 317.07614pt x 221.95544pt.
Package epstopdf Info: Source file: <../../obr/atFP.eps>
(epstopdf)                    date: 2019-01-08 18:56:13
(epstopdf)                    size: 79386 bytes
(epstopdf)             Output file: <../../obr/atFP-eps-converted-to.pdf>
(epstopdf)                    date: 2019-02-18 08:58:45
(epstopdf)                    size: 58912 bytes
(epstopdf)             Command: <epstopdf --outfile=../../obr/atFP-eps-converte
d-to.pdf ../../obr/atFP.eps>
(epstopdf)             \includegraphics on input line 96.
Package epstopdf Info: Output file is already uptodate.
<../../obr/atFP-eps-converted-to.pdf, id=57, 361.35pt x 252.945pt>
File: ../../obr/atFP-eps-converted-to.pdf Graphic file (type pdf)
<use ../../obr/atFP-eps-converted-to.pdf>
Package pdftex.def Info: ../../obr/atFP-eps-converted-to.pdf  used on input lin
e 96.
(pdftex.def)             Requested size: 317.07614pt x 221.95544pt.
<../../obr/Nv_edit.png, id=58, 481.8pt x 361.35pt>
File: ../../obr/Nv_edit.png Graphic file (type png)
<use ../../obr/Nv_edit.png>
Package pdftex.def Info: ../../obr/Nv_edit.png  used on input line 110.
(pdftex.def)             Requested size: 317.07614pt x 237.81354pt.
[5] [6 <../../obr/atOF-eps-converted-to.pdf> <../../obr/atFP-eps-converted-to.p
df>] [7 <../../obr/Nv_edit.png>]
Package epstopdf Info: Source file: <../../obr/ae_ai_wise.eps>
(epstopdf)                    date: 2019-03-05 10:54:52
(epstopdf)                    size: 474195 bytes
(epstopdf)             Output file: <../../obr/ae_ai_wise-eps-converted-to.pdf>

(epstopdf)                    date: 2019-04-03 12:05:08
(epstopdf)                    size: 852163 bytes
(epstopdf)             Command: <epstopdf --outfile=../../obr/ae_ai_wise-eps-co
nverted-to.pdf ../../obr/ae_ai_wise.eps>
(epstopdf)             \includegraphics on input line 123.
Package epstopdf Info: Output file is already uptodate.
<../../obr/ae_ai_wise-eps-converted-to.pdf, id=86, 361.35pt x 303.1325pt>
File: ../../obr/ae_ai_wise-eps-converted-to.pdf Graphic file (type pdf)
<use ../../obr/ae_ai_wise-eps-converted-to.pdf>
Package pdftex.def Info: ../../obr/ae_ai_wise-eps-converted-to.pdf  used on inp
ut line 123.
(pdftex.def)             Requested size: 407.66833pt x 341.98993pt.
Package epstopdf Info: Source file: <../../obr/aH_wise.eps>
(epstopdf)                    date: 2019-01-20 18:50:37
(epstopdf)                    size: 254792 bytes
(epstopdf)             Output file: <../../obr/aH_wise-eps-converted-to.pdf>
(epstopdf)                    date: 2019-02-18 08:58:45
(epstopdf)                    size: 426685 bytes
(epstopdf)             Command: <epstopdf --outfile=../../obr/aH_wise-eps-conve
rted-to.pdf ../../obr/aH_wise.eps>
(epstopdf)             \includegraphics on input line 130.
Package epstopdf Info: Output file is already uptodate.
<../../obr/aH_wise-eps-converted-to.pdf, id=87, 361.35pt x 252.945pt>
File: ../../obr/aH_wise-eps-converted-to.pdf Graphic file (type pdf)
<use ../../obr/aH_wise-eps-converted-to.pdf>
Package pdftex.def Info: ../../obr/aH_wise-eps-converted-to.pdf  used on input 
line 130.
(pdftex.def)             Requested size: 407.66833pt x 285.36908pt.

Underfull \hbox (badness 10000) in paragraph at lines 131--131

 []

<../../obr/pV_pIR-crop.pdf, id=88, 247.92625pt x 237.88875pt>
File: ../../obr/pV_pIR-crop.pdf Graphic file (type pdf)
<use ../../obr/pV_pIR-crop.pdf>
Package pdftex.def Info: ../../obr/pV_pIR-crop.pdf  used on input line 135.
(pdftex.def)             Requested size: 294.42636pt x 282.52484pt.
<../../obr/astar_iz-crop.pdf, id=89, 246.9225pt x 235.88126pt>
File: ../../obr/astar_iz-crop.pdf Graphic file (type pdf)
<use ../../obr/astar_iz-crop.pdf>
Package pdftex.def Info: ../../obr/astar_iz-crop.pdf  used on input line 138.
(pdftex.def)             Requested size: 294.42636pt x 281.27805pt.

Underfull \hbox (badness 10000) in paragraph at lines 139--139

 []

[8

 <../../obr/ae_ai_wise-eps-converted-to.pdf>] [9 <../../obr/aH_wise-eps-convert
ed-to.pdf>] [10 <../../obr/pV_pIR-crop.pdf> <../../obr/astar_iz-crop.pdf>]
Package epstopdf Info: Source file: <../../obr/size_distribution.eps>
(epstopdf)                    date: 2019-04-02 12:00:52
(epstopdf)                    size: 39187 bytes
(epstopdf)             Output file: <../../obr/size_distribution-eps-converted-
to.pdf>
(epstopdf)                    date: 2019-04-03 11:15:36
(epstopdf)                    size: 13566 bytes
(epstopdf)             Command: <epstopdf --outfile=../../obr/size_distribution
-eps-converted-to.pdf ../../obr/size_distribution.eps>
(epstopdf)             \includegraphics on input line 160.
Package epstopdf Info: Output file is already uptodate.
<../../obr/size_distribution-eps-converted-to.pdf, id=137, 271.0125pt x 252.945
pt>
File: ../../obr/size_distribution-eps-converted-to.pdf Graphic file (type pdf)
<use ../../obr/size_distribution-eps-converted-to.pdf>
Package pdftex.def Info: ../../obr/size_distribution-eps-converted-to.pdf  used
 on input line 160.
(pdftex.def)             Requested size: 271.7835pt x 253.67384pt.
<../../obr/ae_5.png, id=138, 1204.5pt x 752.8125pt>
File: ../../obr/ae_5.png Graphic file (type png)
<use ../../obr/ae_5.png>
Package pdftex.def Info: ../../obr/ae_5.png  used on input line 175.
(pdftex.def)             Requested size: 221.95676pt x 138.71675pt.
<../../obr/ae_205.png, id=139, 1204.5pt x 752.8125pt>
File: ../../obr/ae_205.png Graphic file (type png)
<use ../../obr/ae_205.png>
Package pdftex.def Info: ../../obr/ae_205.png  used on input line 176.
(pdftex.def)             Requested size: 221.95676pt x 138.71675pt.
<../../obr/ae_605.png, id=140, 1204.5pt x 752.8125pt>
File: ../../obr/ae_605.png Graphic file (type png)
<use ../../obr/ae_605.png>
Package pdftex.def Info: ../../obr/ae_605.png  used on input line 177.
(pdftex.def)             Requested size: 221.95676pt x 138.71675pt.
<../../obr/ae_1105.png, id=141, 1204.5pt x 752.8125pt>
File: ../../obr/ae_1105.png Graphic file (type png)
<use ../../obr/ae_1105.png>
Package pdftex.def Info: ../../obr/ae_1105.png  used on input line 178.
(pdftex.def)             Requested size: 221.95676pt x 138.71675pt.
<../../obr/ai_5.png, id=142, 1204.5pt x 752.8125pt>
File: ../../obr/ai_5.png Graphic file (type png)
<use ../../obr/ai_5.png>
Package pdftex.def Info: ../../obr/ai_5.png  used on input line 182.
(pdftex.def)             Requested size: 221.95676pt x 138.71675pt.
<../../obr/ai_205.png, id=143, 1204.5pt x 752.8125pt>
File: ../../obr/ai_205.png Graphic file (type png)
<use ../../obr/ai_205.png>
Package pdftex.def Info: ../../obr/ai_205.png  used on input line 183.
(pdftex.def)             Requested size: 221.95676pt x 138.71675pt.
<../../obr/ai_605.png, id=144, 1204.5pt x 752.8125pt>
File: ../../obr/ai_605.png Graphic file (type png)
<use ../../obr/ai_605.png>
Package pdftex.def Info: ../../obr/ai_605.png  used on input line 184.
(pdftex.def)             Requested size: 221.95676pt x 138.71675pt.
<../../obr/ai_1105.png, id=145, 1204.5pt x 752.8125pt>
File: ../../obr/ai_1105.png Graphic file (type png)
<use ../../obr/ai_1105.png>
Package pdftex.def Info: ../../obr/ai_1105.png  used on input line 185.
(pdftex.def)             Requested size: 221.95676pt x 138.71675pt.
<../../obr/ei_5.png, id=146, 1204.5pt x 752.8125pt>
File: ../../obr/ei_5.png Graphic file (type png)
<use ../../obr/ei_5.png>
Package pdftex.def Info: ../../obr/ei_5.png  used on input line 189.
(pdftex.def)             Requested size: 221.95676pt x 138.71675pt.
<../../obr/ei_205.png, id=147, 1204.5pt x 752.8125pt>
File: ../../obr/ei_205.png Graphic file (type png)
<use ../../obr/ei_205.png>
Package pdftex.def Info: ../../obr/ei_205.png  used on input line 190.
(pdftex.def)             Requested size: 221.95676pt x 138.71675pt.
<../../obr/ei_605.png, id=148, 1204.5pt x 752.8125pt>
File: ../../obr/ei_605.png Graphic file (type png)
<use ../../obr/ei_605.png>
Package pdftex.def Info: ../../obr/ei_605.png  used on input line 191.
(pdftex.def)             Requested size: 221.95676pt x 138.71675pt.
<../../obr/ei_1105.png, id=149, 1204.5pt x 752.8125pt>
File: ../../obr/ei_1105.png Graphic file (type png)
<use ../../obr/ei_1105.png>
Package pdftex.def Info: ../../obr/ei_1105.png  used on input line 192.
(pdftex.def)             Requested size: 221.95676pt x 138.71675pt.

Overfull \hbox (5.7954pt too wide) in paragraph at lines 198--199
[]\OT1/cmr/m/n/12 Kv^^Wuli spe-ci-fick^^Semu v^^Sypo^^Tctu vlastn^^S^^Pch ele-m
ent^^Wu dr^^Sahy z po^^Tc^^Sate^^Tcn^^S^^Pch rych-lost^^S^^P m^^Wu^^Tzeme
 []

[11

 <../../obr/size_distribution-eps-converted-to.pdf>] [12 <../../obr/ae_5.png> <
../../obr/ae_205.png> <../../obr/ae_605.png> <../../obr/ae_1105.png> <../../obr
/ai_5.png> <../../obr/ai_205.png> <../../obr/ai_605.png> <../../obr/ai_1105.png
>]
<../../obr/ae_obs.png, id=176, 1204.5pt x 677.53125pt>
File: ../../obr/ae_obs.png Graphic file (type png)
<use ../../obr/ae_obs.png>
Package pdftex.def Info: ../../obr/ae_obs.png  used on input line 222.
(pdftex.def)             Requested size: 271.7835pt x 152.87215pt.
<../../obr/ae_scl_0006.png, id=177, 1204.5pt x 677.53125pt>
File: ../../obr/ae_scl_0006.png Graphic file (type png)
<use ../../obr/ae_scl_0006.png>
Package pdftex.def Info: ../../obr/ae_scl_0006.png  used on input line 226.
(pdftex.def)             Requested size: 221.95676pt x 124.84508pt.
<../../obr/ae_scl_0206.png, id=178, 1204.5pt x 677.53125pt>
File: ../../obr/ae_scl_0206.png Graphic file (type png)
<use ../../obr/ae_scl_0206.png>
Package pdftex.def Info: ../../obr/ae_scl_0206.png  used on input line 227.
(pdftex.def)             Requested size: 221.95676pt x 124.84508pt.
<../../obr/ae_scl_0606.png, id=179, 1204.5pt x 677.53125pt>
File: ../../obr/ae_scl_0606.png Graphic file (type png)
<use ../../obr/ae_scl_0606.png>
Package pdftex.def Info: ../../obr/ae_scl_0606.png  used on input line 228.
(pdftex.def)             Requested size: 221.95676pt x 124.84508pt.
<../../obr/ae_scl_1106.png, id=180, 1204.5pt x 677.53125pt>
File: ../../obr/ae_scl_1106.png Graphic file (type png)
<use ../../obr/ae_scl_1106.png>
Package pdftex.def Info: ../../obr/ae_scl_1106.png  used on input line 229.
(pdftex.def)             Requested size: 221.95676pt x 124.84508pt.
 [13 <../../obr/ei_5.png> <../../obr/ei_205.png> <../../obr/ei_605.png> <../../
obr/ei_1105.png>] [14 <../../obr/ae_obs.png> <../../obr/ae_scl_0006.png> <../..
/obr/ae_scl_0206.png> <../../obr/ae_scl_0606.png> <../../obr/ae_scl_1106.png>]
Overfull \hbox (21.29308pt too wide) in paragraph at lines 239--240
\OT1/cmr/m/n/12 Planetky jak po-zo-ro-van^^Se, tak si-mu-lo-van^^Se ro-diny roz
d^^Tel^^S^^Pme do []box^^Wu\ v pro-storu $(\OML/cmm/m/it/12 a[]; e[];  [] I[]\O
T1/cmr/m/n/12 )$
 []

<../../obr/ae_chi_0006.png, id=197, 1204.5pt x 677.53125pt>
File: ../../obr/ae_chi_0006.png Graphic file (type png)
<use ../../obr/ae_chi_0006.png>
Package pdftex.def Info: ../../obr/ae_chi_0006.png  used on input line 249.
(pdftex.def)             Requested size: 221.95676pt x 124.84508pt.
<../../obr/ae_chi_0206.png, id=198, 1204.5pt x 677.53125pt>
File: ../../obr/ae_chi_0206.png Graphic file (type png)
<use ../../obr/ae_chi_0206.png>
Package pdftex.def Info: ../../obr/ae_chi_0206.png  used on input line 250.
(pdftex.def)             Requested size: 221.95676pt x 124.84508pt.
<../../obr/ae_chi_0606.png, id=199, 1204.5pt x 677.53125pt>
File: ../../obr/ae_chi_0606.png Graphic file (type png)
<use ../../obr/ae_chi_0606.png>
Package pdftex.def Info: ../../obr/ae_chi_0606.png  used on input line 251.
(pdftex.def)             Requested size: 221.95676pt x 124.84508pt.
<../../obr/ae_chi_1106.png, id=200, 1204.5pt x 677.53125pt>
File: ../../obr/ae_chi_1106.png Graphic file (type png)
<use ../../obr/ae_chi_1106.png>
Package pdftex.def Info: ../../obr/ae_chi_1106.png  used on input line 252.
(pdftex.def)             Requested size: 221.95676pt x 124.84508pt.
[15

 <../../obr/ae_chi_0006.png> <../../obr/ae_chi_0206.png> <../../obr/ae_chi_0606
.png> <../../obr/ae_chi_1106.png>]
Package epstopdf Info: Source file: <../../obr/chi2.eps>
(epstopdf)                    date: 2019-04-03 13:05:07
(epstopdf)                    size: 26977 bytes
(epstopdf)             Output file: <../../obr/chi2-eps-converted-to.pdf>
(epstopdf)                    date: 2019-04-03 13:33:24
(epstopdf)                    size: 8273 bytes
(epstopdf)             Command: <epstopdf --outfile=../../obr/chi2-eps-converte
d-to.pdf ../../obr/chi2.eps>
(epstopdf)             \includegraphics on input line 268.
Package epstopdf Info: Output file is already uptodate.
<../../obr/chi2-eps-converted-to.pdf, id=208, 252.945pt x 176.66pt>
File: ../../obr/chi2-eps-converted-to.pdf Graphic file (type pdf)
<use ../../obr/chi2-eps-converted-to.pdf>
Package pdftex.def Info: ../../obr/chi2-eps-converted-to.pdf  used on input lin
e 268.
(pdftex.def)             Requested size: 271.7835pt x 189.81952pt.

Overfull \hbox (33.27466pt too wide) in paragraph at lines 275--276
\OT1/cmr/m/n/12 V bu-doucnu pl^^Sanujeme si-mu-lo-vat ro-dinu \OT1/cmr/m/it/12 
Eu-no-mia \OT1/cmr/m/n/12 po del^^Ts^^S^^P dobu (4 mi-li-ardy let). Pravd^^Tepo
dobn^^Te
 []

[16 <../../obr/chi2-eps-converted-to.pdf>] (./synopse.aux)

LaTeX Warning: There were multiply-defined labels.

Package logreq Info: Writing requests to 'synopse.run.xml'.
\openout1 = `synopse.run.xml'.

 ) 
Here is how much of TeX's memory you used:
 14848 strings out of 494053
 247128 string characters out of 6164918
 694586 words of memory out of 5000000
 18279 multiletter control sequences out of 15000+600000
 14959 words of font info for 57 fonts, out of 8000000 for 9000
 319 hyphenation exceptions out of 8191
 49i,13n,42p,1184b,1492s stack positions out of 5000i,500n,10000p,200000b,80000s
</opt/texlive/2019/texmf-dist/fonts/type1/public/amsfonts/cm/cmbx12.pfb></opt
/texlive/2019/texmf-dist/fonts/type1/public/amsfonts/cm/cmex10.pfb></opt/texliv
e/2019/texmf-dist/fonts/type1/public/amsfonts/cm/cmmi10.pfb></opt/texlive/2019/
texmf-dist/fonts/type1/public/amsfonts/cm/cmmi12.pfb></opt/texlive/2019/texmf-d
ist/fonts/type1/public/amsfonts/cm/cmmi8.pfb></opt/texlive/2019/texmf-dist/font
s/type1/public/amsfonts/cm/cmr10.pfb></opt/texlive/2019/texmf-dist/fonts/type1/
public/amsfonts/cm/cmr12.pfb></opt/texlive/2019/texmf-dist/fonts/type1/public/a
msfonts/cm/cmr8.pfb></opt/texlive/2019/texmf-dist/fonts/type1/public/amsfonts/c
m/cmsy10.pfb></opt/texlive/2019/texmf-dist/fonts/type1/public/amsfonts/cm/cmsy8
.pfb></opt/texlive/2019/texmf-dist/fonts/type1/public/amsfonts/cm/cmti10.pfb></
opt/texlive/2019/texmf-dist/fonts/type1/public/amsfonts/cm/cmti12.pfb>
Output written on synopse.pdf (16 pages, 3115843 bytes).
PDF statistics:
 262 PDF objects out of 1000 (max. 8388607)
 151 compressed objects within 2 object streams
 0 named destinations out of 1000 (max. 500000)
 171 words of extra memory for PDF output out of 10000 (max. 10000000)

